2023-05-30 10:01:00.590  INFO 59715 --- [main] com.jadm.JadmBbookInOcApplication        : Starting JadmBbookInOcApplication using Java 1.8.0_362 on MacBook-Pro-de-Daniel.local with PID 59715 (/Users/danielabarca/Documents/developer/bbook-in-oc/target/classes started by danielabarca in /Users/danielabarca/Documents/developer/bbook-in-oc)
2023-05-30 10:01:00.600  INFO 59715 --- [main] com.jadm.JadmBbookInOcApplication        : No active profile set, falling back to default profiles: default
2023-05-30 10:01:01.055  INFO 59715 --- [main] .s.d.r.c.RepositoryConfigurationDelegate : Bootstrapping Spring Data JPA repositories in DEFAULT mode.
2023-05-30 10:01:01.088  INFO 59715 --- [main] .s.d.r.c.RepositoryConfigurationDelegate : Finished Spring Data repository scanning in 27 ms. Found 1 JPA repository interfaces.
2023-05-30 10:01:01.403  INFO 59715 --- [main] o.s.b.w.embedded.tomcat.TomcatWebServer  : Tomcat initialized with port(s): 8080 (http)
2023-05-30 10:01:01.408  INFO 59715 --- [main] o.apache.catalina.core.StandardService   : Starting service [Tomcat]
2023-05-30 10:01:01.408  INFO 59715 --- [main] org.apache.catalina.core.StandardEngine  : Starting Servlet engine: [Apache Tomcat/9.0.48]
2023-05-30 10:01:01.441  INFO 59715 --- [main] o.a.c.c.C.[Tomcat].[localhost].[/]       : Initializing Spring embedded WebApplicationContext
2023-05-30 10:01:01.441  INFO 59715 --- [main] w.s.c.ServletWebServerApplicationContext : Root WebApplicationContext: initialization completed in 807 ms
2023-05-30 10:01:01.540  INFO 59715 --- [main] o.hibernate.jpa.internal.util.LogHelper  : HHH000204: Processing PersistenceUnitInfo [name: default]
2023-05-30 10:01:01.566  INFO 59715 --- [main] org.hibernate.Version                    : HHH000412: Hibernate ORM core version 5.4.32.Final
2023-05-30 10:01:01.647  INFO 59715 --- [main] o.hibernate.annotations.common.Version   : HCANN000001: Hibernate Commons Annotations {5.1.2.Final}
2023-05-30 10:01:01.694 DEBUG 59715 --- [main] org.hibernate.type.BasicTypeRegistry     : Adding type registration boolean -> org.hibernate.type.BooleanType@52e04737
2023-05-30 10:01:01.694 DEBUG 59715 --- [main] org.hibernate.type.BasicTypeRegistry     : Adding type registration boolean -> org.hibernate.type.BooleanType@52e04737
2023-05-30 10:01:01.694 DEBUG 59715 --- [main] org.hibernate.type.BasicTypeRegistry     : Adding type registration java.lang.Boolean -> org.hibernate.type.BooleanType@52e04737
2023-05-30 10:01:01.694 DEBUG 59715 --- [main] org.hibernate.type.BasicTypeRegistry     : Adding type registration numeric_boolean -> org.hibernate.type.NumericBooleanType@546e61d5
2023-05-30 10:01:01.695 DEBUG 59715 --- [main] org.hibernate.type.BasicTypeRegistry     : Adding type registration true_false -> org.hibernate.type.TrueFalseType@1292071f
2023-05-30 10:01:01.695 DEBUG 59715 --- [main] org.hibernate.type.BasicTypeRegistry     : Adding type registration yes_no -> org.hibernate.type.YesNoType@2a3194c6
2023-05-30 10:01:01.696 DEBUG 59715 --- [main] org.hibernate.type.BasicTypeRegistry     : Adding type registration byte -> org.hibernate.type.ByteType@1e469dfd
2023-05-30 10:01:01.696 DEBUG 59715 --- [main] org.hibernate.type.BasicTypeRegistry     : Adding type registration byte -> org.hibernate.type.ByteType@1e469dfd
2023-05-30 10:01:01.696 DEBUG 59715 --- [main] org.hibernate.type.BasicTypeRegistry     : Adding type registration java.lang.Byte -> org.hibernate.type.ByteType@1e469dfd
2023-05-30 10:01:01.696 DEBUG 59715 --- [main] org.hibernate.type.BasicTypeRegistry     : Adding type registration character -> org.hibernate.type.CharacterType@761e788f
2023-05-30 10:01:01.696 DEBUG 59715 --- [main] org.hibernate.type.BasicTypeRegistry     : Adding type registration char -> org.hibernate.type.CharacterType@761e788f
2023-05-30 10:01:01.696 DEBUG 59715 --- [main] org.hibernate.type.BasicTypeRegistry     : Adding type registration java.lang.Character -> org.hibernate.type.CharacterType@761e788f
2023-05-30 10:01:01.697 DEBUG 59715 --- [main] org.hibernate.type.BasicTypeRegistry     : Adding type registration short -> org.hibernate.type.ShortType@8851ce1
2023-05-30 10:01:01.697 DEBUG 59715 --- [main] org.hibernate.type.BasicTypeRegistry     : Adding type registration short -> org.hibernate.type.ShortType@8851ce1
2023-05-30 10:01:01.697 DEBUG 59715 --- [main] org.hibernate.type.BasicTypeRegistry     : Adding type registration java.lang.Short -> org.hibernate.type.ShortType@8851ce1
2023-05-30 10:01:01.697 DEBUG 59715 --- [main] org.hibernate.type.BasicTypeRegistry     : Adding type registration integer -> org.hibernate.type.IntegerType@34d52ecd
2023-05-30 10:01:01.697 DEBUG 59715 --- [main] org.hibernate.type.BasicTypeRegistry     : Adding type registration int -> org.hibernate.type.IntegerType@34d52ecd
2023-05-30 10:01:01.698 DEBUG 59715 --- [main] org.hibernate.type.BasicTypeRegistry     : Adding type registration java.lang.Integer -> org.hibernate.type.IntegerType@34d52ecd
2023-05-30 10:01:01.698 DEBUG 59715 --- [main] org.hibernate.type.BasicTypeRegistry     : Adding type registration long -> org.hibernate.type.LongType@277bf091
2023-05-30 10:01:01.698 DEBUG 59715 --- [main] org.hibernate.type.BasicTypeRegistry     : Adding type registration long -> org.hibernate.type.LongType@277bf091
2023-05-30 10:01:01.698 DEBUG 59715 --- [main] org.hibernate.type.BasicTypeRegistry     : Adding type registration java.lang.Long -> org.hibernate.type.LongType@277bf091
2023-05-30 10:01:01.698 DEBUG 59715 --- [main] org.hibernate.type.BasicTypeRegistry     : Adding type registration float -> org.hibernate.type.FloatType@4beaf6bd
2023-05-30 10:01:01.699 DEBUG 59715 --- [main] org.hibernate.type.BasicTypeRegistry     : Adding type registration float -> org.hibernate.type.FloatType@4beaf6bd
2023-05-30 10:01:01.699 DEBUG 59715 --- [main] org.hibernate.type.BasicTypeRegistry     : Adding type registration java.lang.Float -> org.hibernate.type.FloatType@4beaf6bd
2023-05-30 10:01:01.699 DEBUG 59715 --- [main] org.hibernate.type.BasicTypeRegistry     : Adding type registration double -> org.hibernate.type.DoubleType@2af69643
2023-05-30 10:01:01.699 DEBUG 59715 --- [main] org.hibernate.type.BasicTypeRegistry     : Adding type registration double -> org.hibernate.type.DoubleType@2af69643
2023-05-30 10:01:01.699 DEBUG 59715 --- [main] org.hibernate.type.BasicTypeRegistry     : Adding type registration java.lang.Double -> org.hibernate.type.DoubleType@2af69643
2023-05-30 10:01:01.699 DEBUG 59715 --- [main] org.hibernate.type.BasicTypeRegistry     : Adding type registration big_decimal -> org.hibernate.type.BigDecimalType@48d293ee
2023-05-30 10:01:01.699 DEBUG 59715 --- [main] org.hibernate.type.BasicTypeRegistry     : Adding type registration java.math.BigDecimal -> org.hibernate.type.BigDecimalType@48d293ee
2023-05-30 10:01:01.700 DEBUG 59715 --- [main] org.hibernate.type.BasicTypeRegistry     : Adding type registration big_integer -> org.hibernate.type.BigIntegerType@7a0ef219
2023-05-30 10:01:01.700 DEBUG 59715 --- [main] org.hibernate.type.BasicTypeRegistry     : Adding type registration java.math.BigInteger -> org.hibernate.type.BigIntegerType@7a0ef219
2023-05-30 10:01:01.701 DEBUG 59715 --- [main] org.hibernate.type.BasicTypeRegistry     : Adding type registration string -> org.hibernate.type.StringType@261ea657
2023-05-30 10:01:01.701 DEBUG 59715 --- [main] org.hibernate.type.BasicTypeRegistry     : Adding type registration java.lang.String -> org.hibernate.type.StringType@261ea657
2023-05-30 10:01:01.701 DEBUG 59715 --- [main] org.hibernate.type.BasicTypeRegistry     : Adding type registration nstring -> org.hibernate.type.StringNVarcharType@25290bca
2023-05-30 10:01:01.701 DEBUG 59715 --- [main] org.hibernate.type.BasicTypeRegistry     : Adding type registration ncharacter -> org.hibernate.type.CharacterNCharType@3d904e9c
2023-05-30 10:01:01.702 DEBUG 59715 --- [main] org.hibernate.type.BasicTypeRegistry     : Adding type registration url -> org.hibernate.type.UrlType@22a736d7
2023-05-30 10:01:01.702 DEBUG 59715 --- [main] org.hibernate.type.BasicTypeRegistry     : Adding type registration java.net.URL -> org.hibernate.type.UrlType@22a736d7
2023-05-30 10:01:01.702 DEBUG 59715 --- [main] org.hibernate.type.BasicTypeRegistry     : Adding type registration Duration -> org.hibernate.type.DurationType@38d17d80
2023-05-30 10:01:01.702 DEBUG 59715 --- [main] org.hibernate.type.BasicTypeRegistry     : Adding type registration java.time.Duration -> org.hibernate.type.DurationType@38d17d80
2023-05-30 10:01:01.702 DEBUG 59715 --- [main] org.hibernate.type.BasicTypeRegistry     : Adding type registration Instant -> org.hibernate.type.InstantType@e5cbff2
2023-05-30 10:01:01.703 DEBUG 59715 --- [main] org.hibernate.type.BasicTypeRegistry     : Adding type registration java.time.Instant -> org.hibernate.type.InstantType@e5cbff2
2023-05-30 10:01:01.703 DEBUG 59715 --- [main] org.hibernate.type.BasicTypeRegistry     : Adding type registration LocalDateTime -> org.hibernate.type.LocalDateTimeType@60f70249
2023-05-30 10:01:01.703 DEBUG 59715 --- [main] org.hibernate.type.BasicTypeRegistry     : Adding type registration java.time.LocalDateTime -> org.hibernate.type.LocalDateTimeType@60f70249
2023-05-30 10:01:01.703 DEBUG 59715 --- [main] org.hibernate.type.BasicTypeRegistry     : Adding type registration LocalDate -> org.hibernate.type.LocalDateType@6920614
2023-05-30 10:01:01.703 DEBUG 59715 --- [main] org.hibernate.type.BasicTypeRegistry     : Adding type registration java.time.LocalDate -> org.hibernate.type.LocalDateType@6920614
2023-05-30 10:01:01.704 DEBUG 59715 --- [main] org.hibernate.type.BasicTypeRegistry     : Adding type registration LocalTime -> org.hibernate.type.LocalTimeType@6d1dcdff
2023-05-30 10:01:01.704 DEBUG 59715 --- [main] org.hibernate.type.BasicTypeRegistry     : Adding type registration java.time.LocalTime -> org.hibernate.type.LocalTimeType@6d1dcdff
2023-05-30 10:01:01.704 DEBUG 59715 --- [main] org.hibernate.type.BasicTypeRegistry     : Adding type registration OffsetDateTime -> org.hibernate.type.OffsetDateTimeType@43045f9f
2023-05-30 10:01:01.704 DEBUG 59715 --- [main] org.hibernate.type.BasicTypeRegistry     : Adding type registration java.time.OffsetDateTime -> org.hibernate.type.OffsetDateTimeType@43045f9f
2023-05-30 10:01:01.705 DEBUG 59715 --- [main] org.hibernate.type.BasicTypeRegistry     : Adding type registration OffsetTime -> org.hibernate.type.OffsetTimeType@767a014e
2023-05-30 10:01:01.705 DEBUG 59715 --- [main] org.hibernate.type.BasicTypeRegistry     : Adding type registration java.time.OffsetTime -> org.hibernate.type.OffsetTimeType@767a014e
2023-05-30 10:01:01.706 DEBUG 59715 --- [main] org.hibernate.type.BasicTypeRegistry     : Adding type registration ZonedDateTime -> org.hibernate.type.ZonedDateTimeType@476fe690
2023-05-30 10:01:01.706 DEBUG 59715 --- [main] org.hibernate.type.BasicTypeRegistry     : Adding type registration java.time.ZonedDateTime -> org.hibernate.type.ZonedDateTimeType@476fe690
2023-05-30 10:01:01.706 DEBUG 59715 --- [main] org.hibernate.type.BasicTypeRegistry     : Adding type registration date -> org.hibernate.type.DateType@cdb2d95
2023-05-30 10:01:01.707 DEBUG 59715 --- [main] org.hibernate.type.BasicTypeRegistry     : Adding type registration java.sql.Date -> org.hibernate.type.DateType@cdb2d95
2023-05-30 10:01:01.707 DEBUG 59715 --- [main] org.hibernate.type.BasicTypeRegistry     : Adding type registration time -> org.hibernate.type.TimeType@6edcad64
2023-05-30 10:01:01.707 DEBUG 59715 --- [main] org.hibernate.type.BasicTypeRegistry     : Adding type registration java.sql.Time -> org.hibernate.type.TimeType@6edcad64
2023-05-30 10:01:01.708 DEBUG 59715 --- [main] org.hibernate.type.BasicTypeRegistry     : Adding type registration timestamp -> org.hibernate.type.TimestampType@68a4dcc6
2023-05-30 10:01:01.708 DEBUG 59715 --- [main] org.hibernate.type.BasicTypeRegistry     : Adding type registration java.sql.Timestamp -> org.hibernate.type.TimestampType@68a4dcc6
2023-05-30 10:01:01.708 DEBUG 59715 --- [main] org.hibernate.type.BasicTypeRegistry     : Adding type registration java.util.Date -> org.hibernate.type.TimestampType@68a4dcc6
2023-05-30 10:01:01.708 DEBUG 59715 --- [main] org.hibernate.type.BasicTypeRegistry     : Adding type registration dbtimestamp -> org.hibernate.type.DbTimestampType@117525fe
2023-05-30 10:01:01.709 DEBUG 59715 --- [main] org.hibernate.type.BasicTypeRegistry     : Adding type registration calendar -> org.hibernate.type.CalendarType@55e42449
2023-05-30 10:01:01.709 DEBUG 59715 --- [main] org.hibernate.type.BasicTypeRegistry     : Adding type registration java.util.Calendar -> org.hibernate.type.CalendarType@55e42449
2023-05-30 10:01:01.709 DEBUG 59715 --- [main] org.hibernate.type.BasicTypeRegistry     : Adding type registration java.util.GregorianCalendar -> org.hibernate.type.CalendarType@55e42449
2023-05-30 10:01:01.709 DEBUG 59715 --- [main] org.hibernate.type.BasicTypeRegistry     : Adding type registration calendar_date -> org.hibernate.type.CalendarDateType@3dffc764
2023-05-30 10:01:01.710 DEBUG 59715 --- [main] org.hibernate.type.BasicTypeRegistry     : Adding type registration calendar_time -> org.hibernate.type.CalendarTimeType@15400fff
2023-05-30 10:01:01.710 DEBUG 59715 --- [main] org.hibernate.type.BasicTypeRegistry     : Adding type registration locale -> org.hibernate.type.LocaleType@277b8fa4
2023-05-30 10:01:01.710 DEBUG 59715 --- [main] org.hibernate.type.BasicTypeRegistry     : Adding type registration java.util.Locale -> org.hibernate.type.LocaleType@277b8fa4
2023-05-30 10:01:01.710 DEBUG 59715 --- [main] org.hibernate.type.BasicTypeRegistry     : Adding type registration currency -> org.hibernate.type.CurrencyType@a9f023e
2023-05-30 10:01:01.710 DEBUG 59715 --- [main] org.hibernate.type.BasicTypeRegistry     : Adding type registration java.util.Currency -> org.hibernate.type.CurrencyType@a9f023e
2023-05-30 10:01:01.711 DEBUG 59715 --- [main] org.hibernate.type.BasicTypeRegistry     : Adding type registration timezone -> org.hibernate.type.TimeZoneType@59dc36d4
2023-05-30 10:01:01.711 DEBUG 59715 --- [main] org.hibernate.type.BasicTypeRegistry     : Adding type registration java.util.TimeZone -> org.hibernate.type.TimeZoneType@59dc36d4
2023-05-30 10:01:01.711 DEBUG 59715 --- [main] org.hibernate.type.BasicTypeRegistry     : Adding type registration class -> org.hibernate.type.ClassType@4f0f7849
2023-05-30 10:01:01.711 DEBUG 59715 --- [main] org.hibernate.type.BasicTypeRegistry     : Adding type registration java.lang.Class -> org.hibernate.type.ClassType@4f0f7849
2023-05-30 10:01:01.712 DEBUG 59715 --- [main] org.hibernate.type.BasicTypeRegistry     : Adding type registration uuid-binary -> org.hibernate.type.UUIDBinaryType@3c87e6b7
2023-05-30 10:01:01.712 DEBUG 59715 --- [main] org.hibernate.type.BasicTypeRegistry     : Adding type registration java.util.UUID -> org.hibernate.type.UUIDBinaryType@3c87e6b7
2023-05-30 10:01:01.712 DEBUG 59715 --- [main] org.hibernate.type.BasicTypeRegistry     : Adding type registration uuid-char -> org.hibernate.type.UUIDCharType@7ceb4478
2023-05-30 10:01:01.712 DEBUG 59715 --- [main] org.hibernate.type.BasicTypeRegistry     : Adding type registration binary -> org.hibernate.type.BinaryType@1422ac7f
2023-05-30 10:01:01.712 DEBUG 59715 --- [main] org.hibernate.type.BasicTypeRegistry     : Adding type registration byte[] -> org.hibernate.type.BinaryType@1422ac7f
2023-05-30 10:01:01.712 DEBUG 59715 --- [main] org.hibernate.type.BasicTypeRegistry     : Adding type registration [B -> org.hibernate.type.BinaryType@1422ac7f
2023-05-30 10:01:01.713 DEBUG 59715 --- [main] org.hibernate.type.BasicTypeRegistry     : Adding type registration wrapper-binary -> org.hibernate.type.WrapperBinaryType@a92be4f
2023-05-30 10:01:01.713 DEBUG 59715 --- [main] org.hibernate.type.BasicTypeRegistry     : Adding type registration Byte[] -> org.hibernate.type.WrapperBinaryType@a92be4f
2023-05-30 10:01:01.713 DEBUG 59715 --- [main] org.hibernate.type.BasicTypeRegistry     : Adding type registration [Ljava.lang.Byte; -> org.hibernate.type.WrapperBinaryType@a92be4f
2023-05-30 10:01:01.713 DEBUG 59715 --- [main] org.hibernate.type.BasicTypeRegistry     : Adding type registration row_version -> org.hibernate.type.RowVersionType@5e5af8e1
2023-05-30 10:01:01.713 DEBUG 59715 --- [main] org.hibernate.type.BasicTypeRegistry     : Adding type registration image -> org.hibernate.type.ImageType@524a076e
2023-05-30 10:01:01.714 DEBUG 59715 --- [main] org.hibernate.type.BasicTypeRegistry     : Adding type registration characters -> org.hibernate.type.CharArrayType@467b684d
2023-05-30 10:01:01.714 DEBUG 59715 --- [main] org.hibernate.type.BasicTypeRegistry     : Adding type registration char[] -> org.hibernate.type.CharArrayType@467b684d
2023-05-30 10:01:01.714 DEBUG 59715 --- [main] org.hibernate.type.BasicTypeRegistry     : Adding type registration [C -> org.hibernate.type.CharArrayType@467b684d
2023-05-30 10:01:01.714 DEBUG 59715 --- [main] org.hibernate.type.BasicTypeRegistry     : Adding type registration wrapper-characters -> org.hibernate.type.CharacterArrayType@7fe82967
2023-05-30 10:01:01.714 DEBUG 59715 --- [main] org.hibernate.type.BasicTypeRegistry     : Adding type registration [Ljava.lang.Character; -> org.hibernate.type.CharacterArrayType@7fe82967
2023-05-30 10:01:01.714 DEBUG 59715 --- [main] org.hibernate.type.BasicTypeRegistry     : Adding type registration Character[] -> org.hibernate.type.CharacterArrayType@7fe82967
2023-05-30 10:01:01.715 DEBUG 59715 --- [main] org.hibernate.type.BasicTypeRegistry     : Adding type registration text -> org.hibernate.type.TextType@6c3659be
2023-05-30 10:01:01.715 DEBUG 59715 --- [main] org.hibernate.type.BasicTypeRegistry     : Adding type registration ntext -> org.hibernate.type.NTextType@5f0f9947
2023-05-30 10:01:01.715 DEBUG 59715 --- [main] org.hibernate.type.BasicTypeRegistry     : Adding type registration blob -> org.hibernate.type.BlobType@4b65d9f4
2023-05-30 10:01:01.715 DEBUG 59715 --- [main] org.hibernate.type.BasicTypeRegistry     : Adding type registration java.sql.Blob -> org.hibernate.type.BlobType@4b65d9f4
2023-05-30 10:01:01.716 DEBUG 59715 --- [main] org.hibernate.type.BasicTypeRegistry     : Adding type registration materialized_blob -> org.hibernate.type.MaterializedBlobType@4d95a72e
2023-05-30 10:01:01.716 DEBUG 59715 --- [main] org.hibernate.type.BasicTypeRegistry     : Adding type registration clob -> org.hibernate.type.ClobType@7100dea
2023-05-30 10:01:01.716 DEBUG 59715 --- [main] org.hibernate.type.BasicTypeRegistry     : Adding type registration java.sql.Clob -> org.hibernate.type.ClobType@7100dea
2023-05-30 10:01:01.717 DEBUG 59715 --- [main] org.hibernate.type.BasicTypeRegistry     : Adding type registration nclob -> org.hibernate.type.NClobType@151bf776
2023-05-30 10:01:01.717 DEBUG 59715 --- [main] org.hibernate.type.BasicTypeRegistry     : Adding type registration java.sql.NClob -> org.hibernate.type.NClobType@151bf776
2023-05-30 10:01:01.717 DEBUG 59715 --- [main] org.hibernate.type.BasicTypeRegistry     : Adding type registration materialized_clob -> org.hibernate.type.MaterializedClobType@a098d76
2023-05-30 10:01:01.717 DEBUG 59715 --- [main] org.hibernate.type.BasicTypeRegistry     : Adding type registration materialized_nclob -> org.hibernate.type.MaterializedNClobType@6dcc40f5
2023-05-30 10:01:01.718 DEBUG 59715 --- [main] org.hibernate.type.BasicTypeRegistry     : Adding type registration serializable -> org.hibernate.type.SerializableType@75de29c0
2023-05-30 10:01:01.719 DEBUG 59715 --- [main] org.hibernate.type.BasicTypeRegistry     : Adding type registration object -> org.hibernate.type.ObjectType@5a6fa56e
2023-05-30 10:01:01.719 DEBUG 59715 --- [main] org.hibernate.type.BasicTypeRegistry     : Adding type registration java.lang.Object -> org.hibernate.type.ObjectType@5a6fa56e
2023-05-30 10:01:01.719 DEBUG 59715 --- [main] org.hibernate.type.BasicTypeRegistry     : Adding type registration imm_date -> org.hibernate.type.AdaptedImmutableType@53f4c1e6
2023-05-30 10:01:01.719 DEBUG 59715 --- [main] org.hibernate.type.BasicTypeRegistry     : Adding type registration imm_time -> org.hibernate.type.AdaptedImmutableType@74174a23
2023-05-30 10:01:01.719 DEBUG 59715 --- [main] org.hibernate.type.BasicTypeRegistry     : Adding type registration imm_timestamp -> org.hibernate.type.AdaptedImmutableType@6342d610
2023-05-30 10:01:01.719 DEBUG 59715 --- [main] org.hibernate.type.BasicTypeRegistry     : Adding type registration imm_dbtimestamp -> org.hibernate.type.AdaptedImmutableType@dc4a691
2023-05-30 10:01:01.720 DEBUG 59715 --- [main] org.hibernate.type.BasicTypeRegistry     : Adding type registration imm_calendar -> org.hibernate.type.AdaptedImmutableType@784abd3e
2023-05-30 10:01:01.720 DEBUG 59715 --- [main] org.hibernate.type.BasicTypeRegistry     : Adding type registration imm_calendar_date -> org.hibernate.type.AdaptedImmutableType@36c2b646
2023-05-30 10:01:01.720 DEBUG 59715 --- [main] org.hibernate.type.BasicTypeRegistry     : Adding type registration imm_binary -> org.hibernate.type.AdaptedImmutableType@434514d8
2023-05-30 10:01:01.720 DEBUG 59715 --- [main] org.hibernate.type.BasicTypeRegistry     : Adding type registration imm_serializable -> org.hibernate.type.AdaptedImmutableType@6b1dc20f
2023-05-30 10:01:01.734  INFO 59715 --- [main] com.zaxxer.hikari.HikariDataSource       : HikariPool-1 - Starting...
2023-05-30 10:01:02.407  INFO 59715 --- [main] com.zaxxer.hikari.HikariDataSource       : HikariPool-1 - Start completed.
2023-05-30 10:01:02.422  INFO 59715 --- [main] org.hibernate.dialect.Dialect            : HHH000400: Using dialect: org.hibernate.dialect.Oracle12cDialect
2023-05-30 10:01:04.190 DEBUG 59715 --- [main] org.hibernate.type.BasicTypeRegistry     : Adding type registration byte[] -> org.hibernate.type.MaterializedBlobType@4d95a72e
2023-05-30 10:01:04.190 DEBUG 59715 --- [main] org.hibernate.type.BasicTypeRegistry     : HHH000270: Type registration [byte[]] overrides previous : org.hibernate.type.BinaryType@1422ac7f
2023-05-30 10:01:04.190 DEBUG 59715 --- [main] org.hibernate.type.BasicTypeRegistry     : Adding type registration [B -> org.hibernate.type.MaterializedBlobType@4d95a72e
2023-05-30 10:01:04.190 DEBUG 59715 --- [main] org.hibernate.type.BasicTypeRegistry     : HHH000270: Type registration [[B] overrides previous : org.hibernate.type.BinaryType@1422ac7f
2023-05-30 10:01:04.190 DEBUG 59715 --- [main] org.hibernate.type.BasicTypeRegistry     : Adding type registration Byte[] -> org.hibernate.type.WrappedMaterializedBlobType@3d0cac1f
2023-05-30 10:01:04.190 DEBUG 59715 --- [main] org.hibernate.type.BasicTypeRegistry     : HHH000270: Type registration [Byte[]] overrides previous : org.hibernate.type.WrapperBinaryType@a92be4f
2023-05-30 10:01:04.190 DEBUG 59715 --- [main] org.hibernate.type.BasicTypeRegistry     : Adding type registration [Ljava.lang.Byte; -> org.hibernate.type.WrappedMaterializedBlobType@3d0cac1f
2023-05-30 10:01:04.190 DEBUG 59715 --- [main] org.hibernate.type.BasicTypeRegistry     : HHH000270: Type registration [[Ljava.lang.Byte;] overrides previous : org.hibernate.type.WrapperBinaryType@a92be4f
2023-05-30 10:01:04.191 DEBUG 59715 --- [main] o.h.type.spi.TypeConfiguration$Scope     : Scoping TypeConfiguration [org.hibernate.type.spi.TypeConfiguration@39ffda4a] to MetadataBuildingContext [org.hibernate.boot.internal.MetadataBuildingContextRootImpl@3ba348ca]
2023-05-30 10:01:04.277 DEBUG 59715 --- [main] o.h.type.spi.TypeConfiguration$Scope     : Scoping TypeConfiguration [org.hibernate.type.spi.TypeConfiguration@39ffda4a] to SessionFactoryImpl [org.hibernate.internal.SessionFactoryImpl@6975fb1c]
2023-05-30 10:01:04.413  INFO 59715 --- [main] o.h.e.t.j.p.i.JtaPlatformInitiator       : HHH000490: Using JtaPlatform implementation: [org.hibernate.engine.transaction.jta.platform.internal.NoJtaPlatform]
2023-05-30 10:01:04.417 TRACE 59715 --- [main] o.h.type.spi.TypeConfiguration$Scope     : Handling #sessionFactoryCreated from [org.hibernate.internal.SessionFactoryImpl@6975fb1c] for TypeConfiguration
2023-05-30 10:01:04.418  INFO 59715 --- [main] j.LocalContainerEntityManagerFactoryBean : Initialized JPA EntityManagerFactory for persistence unit 'default'
2023-05-30 10:01:04.650  WARN 59715 --- [main] JpaBaseConfiguration$JpaWebConfiguration : spring.jpa.open-in-view is enabled by default. Therefore, database queries may be performed during view rendering. Explicitly configure spring.jpa.open-in-view to disable this warning
2023-05-30 10:01:04.923  INFO 59715 --- [main] o.s.s.web.DefaultSecurityFilterChain     : Will secure any request with [org.springframework.security.web.context.request.async.WebAsyncManagerIntegrationFilter@4bdb04c8, org.springframework.security.web.context.SecurityContextPersistenceFilter@7df4709e, org.springframework.security.web.header.HeaderWriterFilter@2bf3ec4, org.springframework.security.web.csrf.CsrfFilter@59fea5f5, org.springframework.security.web.authentication.logout.LogoutFilter@6335f04a, org.springframework.security.web.authentication.UsernamePasswordAuthenticationFilter@38d42ab7, org.springframework.security.web.authentication.ui.DefaultLoginPageGeneratingFilter@1f26b992, org.springframework.security.web.authentication.ui.DefaultLogoutPageGeneratingFilter@2e8b24a1, org.springframework.security.web.authentication.www.BasicAuthenticationFilter@770cae59, org.springframework.security.web.savedrequest.RequestCacheAwareFilter@625264ed, org.springframework.security.web.servletapi.SecurityContextHolderAwareRequestFilter@2a120c88, org.springframework.security.web.authentication.AnonymousAuthenticationFilter@3ce7394f, org.springframework.security.web.session.SessionManagementFilter@2c9cafa5, org.springframework.security.web.access.ExceptionTranslationFilter@5d84e363, org.springframework.security.web.access.intercept.FilterSecurityInterceptor@734f8317]
2023-05-30 10:01:04.959  INFO 59715 --- [main] o.s.b.w.embedded.tomcat.TomcatWebServer  : Tomcat started on port(s): 8080 (http) with context path ''
2023-05-30 10:01:04.967  INFO 59715 --- [main] com.jadm.JadmBbookInOcApplication        : Started JadmBbookInOcApplication in 4.638 seconds (JVM running for 5.487)
2023-05-30 10:02:00.014  INFO 59715 --- [scheduling-1] com.jadm.scheduler.ScheduledTasks        : 10:02:00 : Generacion periodica para el envio de OC
2023-05-30 10:02:00.280 DEBUG 59715 --- [scheduling-1] org.hibernate.SQL                        : select distinct pmg_po_number from app_sam.sdi_sdipmghde where tran_type = 'A' and   pmg_stat_code = 4 and   download_date_1 is null and  pmg_ext_po_num in (select distinct t.pmg_ext_po_num from app_sam.BBOOK_SDIPMGDTI t)
2023-05-30 10:02:00.565 TRACE 59715 --- [scheduling-1] o.h.type.descriptor.sql.BasicExtractor   : extracted value ([PMG_PO_NUMBER] : [NUMERIC]) - [511943]
2023-05-30 10:02:00.700 DEBUG 59715 --- [scheduling-1] org.hibernate.SQL                        : select bbookenvio0_.prd_upc as prd_upc1_0_, bbookenvio0_.error as error2_0_, bbookenvio0_.idd as idd3_0_, bbookenvio0_.pmg_ext_po_num as pmg_ext_po_num4_0_, bbookenvio0_.pmg_po_number as pmg_po_number5_0_, bbookenvio0_.prc_price1 as prc_price6_0_, bbookenvio0_.prc_price2 as prc_price7_0_, bbookenvio0_.prd_desc as prd_desc8_0_, bbookenvio0_.prd_lvl_number as prd_lvl_number9_0_, bbookenvio0_.prd_lvl_parent_num as prd_lvl_parent_nu10_0_, bbookenvio0_.prd_name_full as prd_name_full11_0_, bbookenvio0_.prd_pdd_code_1 as prd_pdd_code_12_0_, bbookenvio0_.prd_pdd_code_2 as prd_pdd_code_13_0_, bbookenvio0_.prd_pdd_code_3 as prd_pdd_code_14_0_, bbookenvio0_.proforma_invoice as proforma_invoice15_0_, bbookenvio0_.status as status16_0_, bbookenvio0_.value as value17_0_ from bbook_envio_oc bbookenvio0_ where bbookenvio0_.pmg_po_number=?
2023-05-30 10:02:00.701 TRACE 59715 --- [scheduling-1] o.h.type.descriptor.sql.BasicBinder      : binding parameter [1] as [BIGINT] - [511943]
2023-05-30 10:02:12.629 TRACE 59715 --- [scheduling-1] o.h.type.descriptor.sql.BasicExtractor   : extracted value ([prd_upc1_0_] : [BIGINT]) - [2000039351881]
2023-05-30 10:02:12.643 TRACE 59715 --- [scheduling-1] o.h.type.descriptor.sql.BasicExtractor   : extracted value ([error2_0_] : [VARCHAR]) - [OK]
2023-05-30 10:02:12.643 TRACE 59715 --- [scheduling-1] o.h.type.descriptor.sql.BasicExtractor   : extracted value ([idd3_0_] : [VARCHAR]) - [AABHY5ABYAAAEEHAAA]
2023-05-30 10:02:12.643 TRACE 59715 --- [scheduling-1] o.h.type.descriptor.sql.BasicExtractor   : extracted value ([pmg_ext_po_num4_0_] : [VARCHAR]) - [3426]
2023-05-30 10:02:12.643 TRACE 59715 --- [scheduling-1] o.h.type.descriptor.sql.BasicExtractor   : extracted value ([pmg_po_number5_0_] : [BIGINT]) - [511943]
2023-05-30 10:02:12.643 TRACE 59715 --- [scheduling-1] o.h.type.descriptor.sql.BasicExtractor   : extracted value ([prc_price6_0_] : [VARCHAR]) - [2x $20990]
2023-05-30 10:02:12.644 TRACE 59715 --- [scheduling-1] o.h.type.descriptor.sql.BasicExtractor   : extracted value ([prc_price7_0_] : [BIGINT]) - [11990]
2023-05-30 10:02:12.644 TRACE 59715 --- [scheduling-1] o.h.type.descriptor.sql.BasicExtractor   : extracted value ([prd_desc8_0_] : [VARCHAR]) - [BASHOCRV24-WHOT]
2023-05-30 10:02:12.644 TRACE 59715 --- [scheduling-1] o.h.type.descriptor.sql.BasicExtractor   : extracted value ([prd_lvl_number9_0_] : [VARCHAR]) - [3393519200007]
2023-05-30 10:02:12.644 TRACE 59715 --- [scheduling-1] o.h.type.descriptor.sql.BasicExtractor   : extracted value ([prd_lvl_parent_nu10_0_] : [VARCHAR]) - [3935187]
2023-05-30 10:02:12.644 TRACE 59715 --- [scheduling-1] o.h.type.descriptor.sql.BasicExtractor   : extracted value ([prd_name_full11_0_] : [VARCHAR]) - [610 SHORT JEANS]
2023-05-30 10:02:12.644 TRACE 59715 --- [scheduling-1] o.h.type.descriptor.sql.BasicExtractor   : extracted value ([prd_pdd_code_12_0_] : [VARCHAR]) - [AZUL]
2023-05-30 10:02:12.644 TRACE 59715 --- [scheduling-1] o.h.type.descriptor.sql.BasicExtractor   : extracted value ([prd_pdd_code_13_0_] : [VARCHAR]) - [3/4A]
2023-05-30 10:02:12.644 TRACE 59715 --- [scheduling-1] o.h.type.descriptor.sql.BasicExtractor   : extracted value ([prd_pdd_code_14_0_] : [VARCHAR]) - [null]
2023-05-30 10:02:12.644 TRACE 59715 --- [scheduling-1] o.h.type.descriptor.sql.BasicExtractor   : extracted value ([proforma_invoice15_0_] : [VARCHAR]) - [S15047]
2023-05-30 10:02:12.645 TRACE 59715 --- [scheduling-1] o.h.type.descriptor.sql.BasicExtractor   : extracted value ([status16_0_] : [BIGINT]) - [0]
2023-05-30 10:02:12.645 TRACE 59715 --- [scheduling-1] o.h.type.descriptor.sql.BasicExtractor   : extracted value ([value17_0_] : [VARCHAR]) - [null]
2023-05-30 10:02:12.646 TRACE 59715 --- [scheduling-1] o.h.type.descriptor.sql.BasicExtractor   : extracted value ([prd_upc1_0_] : [BIGINT]) - [2000039351898]
2023-05-30 10:02:12.646 TRACE 59715 --- [scheduling-1] o.h.type.descriptor.sql.BasicExtractor   : extracted value ([error2_0_] : [VARCHAR]) - [OK]
2023-05-30 10:02:12.646 TRACE 59715 --- [scheduling-1] o.h.type.descriptor.sql.BasicExtractor   : extracted value ([idd3_0_] : [VARCHAR]) - [AABHY5ABYAAAEEHAAA]
2023-05-30 10:02:12.646 TRACE 59715 --- [scheduling-1] o.h.type.descriptor.sql.BasicExtractor   : extracted value ([pmg_ext_po_num4_0_] : [VARCHAR]) - [3426]
2023-05-30 10:02:12.646 TRACE 59715 --- [scheduling-1] o.h.type.descriptor.sql.BasicExtractor   : extracted value ([pmg_po_number5_0_] : [BIGINT]) - [511943]
2023-05-30 10:02:12.646 TRACE 59715 --- [scheduling-1] o.h.type.descriptor.sql.BasicExtractor   : extracted value ([prc_price6_0_] : [VARCHAR]) - [2x $20990]
2023-05-30 10:02:12.646 TRACE 59715 --- [scheduling-1] o.h.type.descriptor.sql.BasicExtractor   : extracted value ([prc_price7_0_] : [BIGINT]) - [11990]
2023-05-30 10:02:12.646 TRACE 59715 --- [scheduling-1] o.h.type.descriptor.sql.BasicExtractor   : extracted value ([prd_desc8_0_] : [VARCHAR]) - [BASHOCRV24-WHOT]
2023-05-30 10:02:12.646 TRACE 59715 --- [scheduling-1] o.h.type.descriptor.sql.BasicExtractor   : extracted value ([prd_lvl_number9_0_] : [VARCHAR]) - [3393519200007]
2023-05-30 10:02:12.646 TRACE 59715 --- [scheduling-1] o.h.type.descriptor.sql.BasicExtractor   : extracted value ([prd_lvl_parent_nu10_0_] : [VARCHAR]) - [3935187]
2023-05-30 10:02:12.647 TRACE 59715 --- [scheduling-1] o.h.type.descriptor.sql.BasicExtractor   : extracted value ([prd_name_full11_0_] : [VARCHAR]) - [610 SHORT JEANS]
2023-05-30 10:02:12.647 TRACE 59715 --- [scheduling-1] o.h.type.descriptor.sql.BasicExtractor   : extracted value ([prd_pdd_code_12_0_] : [VARCHAR]) - [AZUL]
2023-05-30 10:02:12.647 TRACE 59715 --- [scheduling-1] o.h.type.descriptor.sql.BasicExtractor   : extracted value ([prd_pdd_code_13_0_] : [VARCHAR]) - [2/3A]
2023-05-30 10:02:12.647 TRACE 59715 --- [scheduling-1] o.h.type.descriptor.sql.BasicExtractor   : extracted value ([prd_pdd_code_14_0_] : [VARCHAR]) - [null]
2023-05-30 10:02:12.647 TRACE 59715 --- [scheduling-1] o.h.type.descriptor.sql.BasicExtractor   : extracted value ([proforma_invoice15_0_] : [VARCHAR]) - [S15047]
2023-05-30 10:02:12.647 TRACE 59715 --- [scheduling-1] o.h.type.descriptor.sql.BasicExtractor   : extracted value ([status16_0_] : [BIGINT]) - [0]
2023-05-30 10:02:12.647 TRACE 59715 --- [scheduling-1] o.h.type.descriptor.sql.BasicExtractor   : extracted value ([value17_0_] : [VARCHAR]) - [null]
2023-05-30 10:02:12.647 TRACE 59715 --- [scheduling-1] o.h.type.descriptor.sql.BasicExtractor   : extracted value ([prd_upc1_0_] : [BIGINT]) - [2000039351904]
2023-05-30 10:02:12.647 TRACE 59715 --- [scheduling-1] o.h.type.descriptor.sql.BasicExtractor   : extracted value ([error2_0_] : [VARCHAR]) - [OK]
2023-05-30 10:02:12.647 TRACE 59715 --- [scheduling-1] o.h.type.descriptor.sql.BasicExtractor   : extracted value ([idd3_0_] : [VARCHAR]) - [AABHY5ABYAAAEEHAAA]
2023-05-30 10:02:12.647 TRACE 59715 --- [scheduling-1] o.h.type.descriptor.sql.BasicExtractor   : extracted value ([pmg_ext_po_num4_0_] : [VARCHAR]) - [3426]
2023-05-30 10:02:12.647 TRACE 59715 --- [scheduling-1] o.h.type.descriptor.sql.BasicExtractor   : extracted value ([pmg_po_number5_0_] : [BIGINT]) - [511943]
2023-05-30 10:02:12.648 TRACE 59715 --- [scheduling-1] o.h.type.descriptor.sql.BasicExtractor   : extracted value ([prc_price6_0_] : [VARCHAR]) - [2x $20990]
2023-05-30 10:02:12.648 TRACE 59715 --- [scheduling-1] o.h.type.descriptor.sql.BasicExtractor   : extracted value ([prc_price7_0_] : [BIGINT]) - [11990]
2023-05-30 10:02:12.648 TRACE 59715 --- [scheduling-1] o.h.type.descriptor.sql.BasicExtractor   : extracted value ([prd_desc8_0_] : [VARCHAR]) - [BASHOCRV24-WHOT]
2023-05-30 10:02:12.648 TRACE 59715 --- [scheduling-1] o.h.type.descriptor.sql.BasicExtractor   : extracted value ([prd_lvl_number9_0_] : [VARCHAR]) - [3393519200007]
2023-05-30 10:02:12.648 TRACE 59715 --- [scheduling-1] o.h.type.descriptor.sql.BasicExtractor   : extracted value ([prd_lvl_parent_nu10_0_] : [VARCHAR]) - [3935187]
2023-05-30 10:02:12.648 TRACE 59715 --- [scheduling-1] o.h.type.descriptor.sql.BasicExtractor   : extracted value ([prd_name_full11_0_] : [VARCHAR]) - [610 SHORT JEANS]
2023-05-30 10:02:12.648 TRACE 59715 --- [scheduling-1] o.h.type.descriptor.sql.BasicExtractor   : extracted value ([prd_pdd_code_12_0_] : [VARCHAR]) - [AZUL]
2023-05-30 10:02:12.648 TRACE 59715 --- [scheduling-1] o.h.type.descriptor.sql.BasicExtractor   : extracted value ([prd_pdd_code_13_0_] : [VARCHAR]) - [12/18M]
2023-05-30 10:02:12.648 TRACE 59715 --- [scheduling-1] o.h.type.descriptor.sql.BasicExtractor   : extracted value ([prd_pdd_code_14_0_] : [VARCHAR]) - [null]
2023-05-30 10:02:12.648 TRACE 59715 --- [scheduling-1] o.h.type.descriptor.sql.BasicExtractor   : extracted value ([proforma_invoice15_0_] : [VARCHAR]) - [S15047]
2023-05-30 10:02:12.648 TRACE 59715 --- [scheduling-1] o.h.type.descriptor.sql.BasicExtractor   : extracted value ([status16_0_] : [BIGINT]) - [0]
2023-05-30 10:02:12.648 TRACE 59715 --- [scheduling-1] o.h.type.descriptor.sql.BasicExtractor   : extracted value ([value17_0_] : [VARCHAR]) - [null]
2023-05-30 10:02:12.649 TRACE 59715 --- [scheduling-1] o.h.type.descriptor.sql.BasicExtractor   : extracted value ([prd_upc1_0_] : [BIGINT]) - [2000039351911]
2023-05-30 10:02:12.649 TRACE 59715 --- [scheduling-1] o.h.type.descriptor.sql.BasicExtractor   : extracted value ([error2_0_] : [VARCHAR]) - [OK]
2023-05-30 10:02:12.649 TRACE 59715 --- [scheduling-1] o.h.type.descriptor.sql.BasicExtractor   : extracted value ([idd3_0_] : [VARCHAR]) - [AABHY5ABYAAAEEHAAA]
2023-05-30 10:02:12.649 TRACE 59715 --- [scheduling-1] o.h.type.descriptor.sql.BasicExtractor   : extracted value ([pmg_ext_po_num4_0_] : [VARCHAR]) - [3426]
2023-05-30 10:02:12.649 TRACE 59715 --- [scheduling-1] o.h.type.descriptor.sql.BasicExtractor   : extracted value ([pmg_po_number5_0_] : [BIGINT]) - [511943]
2023-05-30 10:02:12.649 TRACE 59715 --- [scheduling-1] o.h.type.descriptor.sql.BasicExtractor   : extracted value ([prc_price6_0_] : [VARCHAR]) - [2x $20990]
2023-05-30 10:02:12.649 TRACE 59715 --- [scheduling-1] o.h.type.descriptor.sql.BasicExtractor   : extracted value ([prc_price7_0_] : [BIGINT]) - [11990]
2023-05-30 10:02:12.649 TRACE 59715 --- [scheduling-1] o.h.type.descriptor.sql.BasicExtractor   : extracted value ([prd_desc8_0_] : [VARCHAR]) - [BASHOCRV24-WHOT]
2023-05-30 10:02:12.649 TRACE 59715 --- [scheduling-1] o.h.type.descriptor.sql.BasicExtractor   : extracted value ([prd_lvl_number9_0_] : [VARCHAR]) - [3393519200007]
2023-05-30 10:02:12.649 TRACE 59715 --- [scheduling-1] o.h.type.descriptor.sql.BasicExtractor   : extracted value ([prd_lvl_parent_nu10_0_] : [VARCHAR]) - [3935187]
2023-05-30 10:02:12.649 TRACE 59715 --- [scheduling-1] o.h.type.descriptor.sql.BasicExtractor   : extracted value ([prd_name_full11_0_] : [VARCHAR]) - [610 SHORT JEANS]
2023-05-30 10:02:12.650 TRACE 59715 --- [scheduling-1] o.h.type.descriptor.sql.BasicExtractor   : extracted value ([prd_pdd_code_12_0_] : [VARCHAR]) - [AZUL]
2023-05-30 10:02:12.650 TRACE 59715 --- [scheduling-1] o.h.type.descriptor.sql.BasicExtractor   : extracted value ([prd_pdd_code_13_0_] : [VARCHAR]) - [18/24M]
2023-05-30 10:02:12.650 TRACE 59715 --- [scheduling-1] o.h.type.descriptor.sql.BasicExtractor   : extracted value ([prd_pdd_code_14_0_] : [VARCHAR]) - [null]
2023-05-30 10:02:12.650 TRACE 59715 --- [scheduling-1] o.h.type.descriptor.sql.BasicExtractor   : extracted value ([proforma_invoice15_0_] : [VARCHAR]) - [S15047]
2023-05-30 10:02:12.650 TRACE 59715 --- [scheduling-1] o.h.type.descriptor.sql.BasicExtractor   : extracted value ([status16_0_] : [BIGINT]) - [0]
2023-05-30 10:02:12.650 TRACE 59715 --- [scheduling-1] o.h.type.descriptor.sql.BasicExtractor   : extracted value ([value17_0_] : [VARCHAR]) - [null]
2023-05-30 10:02:26.527  INFO 59715 --- [SpringApplicationShutdownHook] j.LocalContainerEntityManagerFactoryBean : Closing JPA EntityManagerFactory for persistence unit 'default'
2023-05-30 10:02:26.528 TRACE 59715 --- [SpringApplicationShutdownHook] o.h.type.spi.TypeConfiguration$Scope     : Handling #sessionFactoryClosed from [org.hibernate.internal.SessionFactoryImpl@6975fb1c] for TypeConfiguration
2023-05-30 10:02:26.528 DEBUG 59715 --- [SpringApplicationShutdownHook] o.h.type.spi.TypeConfiguration$Scope     : Un-scoping TypeConfiguration [org.hibernate.type.spi.TypeConfiguration$Scope@34b19ec1] from SessionFactory [org.hibernate.internal.SessionFactoryImpl@6975fb1c]
2023-05-30 10:02:26.529  INFO 59715 --- [SpringApplicationShutdownHook] com.zaxxer.hikari.HikariDataSource       : HikariPool-1 - Shutdown initiated...
2023-05-30 10:02:27.462  INFO 59715 --- [SpringApplicationShutdownHook] com.zaxxer.hikari.HikariDataSource       : HikariPool-1 - Shutdown completed.
2023-05-30 10:03:40.056  INFO 59888 --- [main] com.jadm.JadmBbookInOcApplication        : Starting JadmBbookInOcApplication using Java 1.8.0_362 on MacBook-Pro-de-Daniel.local with PID 59888 (/Users/danielabarca/Documents/developer/bbook-in-oc/target/classes started by danielabarca in /Users/danielabarca/Documents/developer/bbook-in-oc)
2023-05-30 10:03:40.057  INFO 59888 --- [main] com.jadm.JadmBbookInOcApplication        : No active profile set, falling back to default profiles: default
2023-05-30 10:03:40.446  INFO 59888 --- [main] .s.d.r.c.RepositoryConfigurationDelegate : Bootstrapping Spring Data JPA repositories in DEFAULT mode.
2023-05-30 10:03:40.471  INFO 59888 --- [main] .s.d.r.c.RepositoryConfigurationDelegate : Finished Spring Data repository scanning in 20 ms. Found 1 JPA repository interfaces.
2023-05-30 10:03:40.816  INFO 59888 --- [main] o.s.b.w.embedded.tomcat.TomcatWebServer  : Tomcat initialized with port(s): 8080 (http)
2023-05-30 10:03:40.822  INFO 59888 --- [main] o.apache.catalina.core.StandardService   : Starting service [Tomcat]
2023-05-30 10:03:40.822  INFO 59888 --- [main] org.apache.catalina.core.StandardEngine  : Starting Servlet engine: [Apache Tomcat/9.0.48]
2023-05-30 10:03:40.863  INFO 59888 --- [main] o.a.c.c.C.[Tomcat].[localhost].[/]       : Initializing Spring embedded WebApplicationContext
2023-05-30 10:03:40.863  INFO 59888 --- [main] w.s.c.ServletWebServerApplicationContext : Root WebApplicationContext: initialization completed in 781 ms
2023-05-30 10:03:40.972  INFO 59888 --- [main] o.hibernate.jpa.internal.util.LogHelper  : HHH000204: Processing PersistenceUnitInfo [name: default]
2023-05-30 10:03:40.997  INFO 59888 --- [main] org.hibernate.Version                    : HHH000412: Hibernate ORM core version 5.4.32.Final
2023-05-30 10:03:41.062  INFO 59888 --- [main] o.hibernate.annotations.common.Version   : HCANN000001: Hibernate Commons Annotations {5.1.2.Final}
2023-05-30 10:03:41.109 DEBUG 59888 --- [main] org.hibernate.type.BasicTypeRegistry     : Adding type registration boolean -> org.hibernate.type.BooleanType@1aabf50d
2023-05-30 10:03:41.110 DEBUG 59888 --- [main] org.hibernate.type.BasicTypeRegistry     : Adding type registration boolean -> org.hibernate.type.BooleanType@1aabf50d
2023-05-30 10:03:41.110 DEBUG 59888 --- [main] org.hibernate.type.BasicTypeRegistry     : Adding type registration java.lang.Boolean -> org.hibernate.type.BooleanType@1aabf50d
2023-05-30 10:03:41.110 DEBUG 59888 --- [main] org.hibernate.type.BasicTypeRegistry     : Adding type registration numeric_boolean -> org.hibernate.type.NumericBooleanType@1deceb67
2023-05-30 10:03:41.110 DEBUG 59888 --- [main] org.hibernate.type.BasicTypeRegistry     : Adding type registration true_false -> org.hibernate.type.TrueFalseType@292158f8
2023-05-30 10:03:41.111 DEBUG 59888 --- [main] org.hibernate.type.BasicTypeRegistry     : Adding type registration yes_no -> org.hibernate.type.YesNoType@7e19755a
2023-05-30 10:03:41.111 DEBUG 59888 --- [main] org.hibernate.type.BasicTypeRegistry     : Adding type registration byte -> org.hibernate.type.ByteType@61cd1c71
2023-05-30 10:03:41.111 DEBUG 59888 --- [main] org.hibernate.type.BasicTypeRegistry     : Adding type registration byte -> org.hibernate.type.ByteType@61cd1c71
2023-05-30 10:03:41.111 DEBUG 59888 --- [main] org.hibernate.type.BasicTypeRegistry     : Adding type registration java.lang.Byte -> org.hibernate.type.ByteType@61cd1c71
2023-05-30 10:03:41.112 DEBUG 59888 --- [main] org.hibernate.type.BasicTypeRegistry     : Adding type registration character -> org.hibernate.type.CharacterType@1a4d1ab7
2023-05-30 10:03:41.112 DEBUG 59888 --- [main] org.hibernate.type.BasicTypeRegistry     : Adding type registration char -> org.hibernate.type.CharacterType@1a4d1ab7
2023-05-30 10:03:41.112 DEBUG 59888 --- [main] org.hibernate.type.BasicTypeRegistry     : Adding type registration java.lang.Character -> org.hibernate.type.CharacterType@1a4d1ab7
2023-05-30 10:03:41.112 DEBUG 59888 --- [main] org.hibernate.type.BasicTypeRegistry     : Adding type registration short -> org.hibernate.type.ShortType@35d5ac51
2023-05-30 10:03:41.112 DEBUG 59888 --- [main] org.hibernate.type.BasicTypeRegistry     : Adding type registration short -> org.hibernate.type.ShortType@35d5ac51
2023-05-30 10:03:41.112 DEBUG 59888 --- [main] org.hibernate.type.BasicTypeRegistry     : Adding type registration java.lang.Short -> org.hibernate.type.ShortType@35d5ac51
2023-05-30 10:03:41.113 DEBUG 59888 --- [main] org.hibernate.type.BasicTypeRegistry     : Adding type registration integer -> org.hibernate.type.IntegerType@38bb9d7a
2023-05-30 10:03:41.113 DEBUG 59888 --- [main] org.hibernate.type.BasicTypeRegistry     : Adding type registration int -> org.hibernate.type.IntegerType@38bb9d7a
2023-05-30 10:03:41.113 DEBUG 59888 --- [main] org.hibernate.type.BasicTypeRegistry     : Adding type registration java.lang.Integer -> org.hibernate.type.IntegerType@38bb9d7a
2023-05-30 10:03:41.113 DEBUG 59888 --- [main] org.hibernate.type.BasicTypeRegistry     : Adding type registration long -> org.hibernate.type.LongType@554f0dfb
2023-05-30 10:03:41.113 DEBUG 59888 --- [main] org.hibernate.type.BasicTypeRegistry     : Adding type registration long -> org.hibernate.type.LongType@554f0dfb
2023-05-30 10:03:41.114 DEBUG 59888 --- [main] org.hibernate.type.BasicTypeRegistry     : Adding type registration java.lang.Long -> org.hibernate.type.LongType@554f0dfb
2023-05-30 10:03:41.114 DEBUG 59888 --- [main] org.hibernate.type.BasicTypeRegistry     : Adding type registration float -> org.hibernate.type.FloatType@6a472566
2023-05-30 10:03:41.114 DEBUG 59888 --- [main] org.hibernate.type.BasicTypeRegistry     : Adding type registration float -> org.hibernate.type.FloatType@6a472566
2023-05-30 10:03:41.114 DEBUG 59888 --- [main] org.hibernate.type.BasicTypeRegistry     : Adding type registration java.lang.Float -> org.hibernate.type.FloatType@6a472566
2023-05-30 10:03:41.115 DEBUG 59888 --- [main] org.hibernate.type.BasicTypeRegistry     : Adding type registration double -> org.hibernate.type.DoubleType@2d9dff65
2023-05-30 10:03:41.115 DEBUG 59888 --- [main] org.hibernate.type.BasicTypeRegistry     : Adding type registration double -> org.hibernate.type.DoubleType@2d9dff65
2023-05-30 10:03:41.115 DEBUG 59888 --- [main] org.hibernate.type.BasicTypeRegistry     : Adding type registration java.lang.Double -> org.hibernate.type.DoubleType@2d9dff65
2023-05-30 10:03:41.116 DEBUG 59888 --- [main] org.hibernate.type.BasicTypeRegistry     : Adding type registration big_decimal -> org.hibernate.type.BigDecimalType@5d21202d
2023-05-30 10:03:41.116 DEBUG 59888 --- [main] org.hibernate.type.BasicTypeRegistry     : Adding type registration java.math.BigDecimal -> org.hibernate.type.BigDecimalType@5d21202d
2023-05-30 10:03:41.116 DEBUG 59888 --- [main] org.hibernate.type.BasicTypeRegistry     : Adding type registration big_integer -> org.hibernate.type.BigIntegerType@fab35b1
2023-05-30 10:03:41.116 DEBUG 59888 --- [main] org.hibernate.type.BasicTypeRegistry     : Adding type registration java.math.BigInteger -> org.hibernate.type.BigIntegerType@fab35b1
2023-05-30 10:03:41.117 DEBUG 59888 --- [main] org.hibernate.type.BasicTypeRegistry     : Adding type registration string -> org.hibernate.type.StringType@6b2e46af
2023-05-30 10:03:41.117 DEBUG 59888 --- [main] org.hibernate.type.BasicTypeRegistry     : Adding type registration java.lang.String -> org.hibernate.type.StringType@6b2e46af
2023-05-30 10:03:41.117 DEBUG 59888 --- [main] org.hibernate.type.BasicTypeRegistry     : Adding type registration nstring -> org.hibernate.type.StringNVarcharType@3374b5bc
2023-05-30 10:03:41.117 DEBUG 59888 --- [main] org.hibernate.type.BasicTypeRegistry     : Adding type registration ncharacter -> org.hibernate.type.CharacterNCharType@48528634
2023-05-30 10:03:41.118 DEBUG 59888 --- [main] org.hibernate.type.BasicTypeRegistry     : Adding type registration url -> org.hibernate.type.UrlType@22587507
2023-05-30 10:03:41.118 DEBUG 59888 --- [main] org.hibernate.type.BasicTypeRegistry     : Adding type registration java.net.URL -> org.hibernate.type.UrlType@22587507
2023-05-30 10:03:41.118 DEBUG 59888 --- [main] org.hibernate.type.BasicTypeRegistry     : Adding type registration Duration -> org.hibernate.type.DurationType@7add323c
2023-05-30 10:03:41.118 DEBUG 59888 --- [main] org.hibernate.type.BasicTypeRegistry     : Adding type registration java.time.Duration -> org.hibernate.type.DurationType@7add323c
2023-05-30 10:03:41.119 DEBUG 59888 --- [main] org.hibernate.type.BasicTypeRegistry     : Adding type registration Instant -> org.hibernate.type.InstantType@658255aa
2023-05-30 10:03:41.119 DEBUG 59888 --- [main] org.hibernate.type.BasicTypeRegistry     : Adding type registration java.time.Instant -> org.hibernate.type.InstantType@658255aa
2023-05-30 10:03:41.119 DEBUG 59888 --- [main] org.hibernate.type.BasicTypeRegistry     : Adding type registration LocalDateTime -> org.hibernate.type.LocalDateTimeType@508a65bf
2023-05-30 10:03:41.119 DEBUG 59888 --- [main] org.hibernate.type.BasicTypeRegistry     : Adding type registration java.time.LocalDateTime -> org.hibernate.type.LocalDateTimeType@508a65bf
2023-05-30 10:03:41.120 DEBUG 59888 --- [main] org.hibernate.type.BasicTypeRegistry     : Adding type registration LocalDate -> org.hibernate.type.LocalDateType@23b8d9f3
2023-05-30 10:03:41.120 DEBUG 59888 --- [main] org.hibernate.type.BasicTypeRegistry     : Adding type registration java.time.LocalDate -> org.hibernate.type.LocalDateType@23b8d9f3
2023-05-30 10:03:41.120 DEBUG 59888 --- [main] org.hibernate.type.BasicTypeRegistry     : Adding type registration LocalTime -> org.hibernate.type.LocalTimeType@6ede46f6
2023-05-30 10:03:41.120 DEBUG 59888 --- [main] org.hibernate.type.BasicTypeRegistry     : Adding type registration java.time.LocalTime -> org.hibernate.type.LocalTimeType@6ede46f6
2023-05-30 10:03:41.121 DEBUG 59888 --- [main] org.hibernate.type.BasicTypeRegistry     : Adding type registration OffsetDateTime -> org.hibernate.type.OffsetDateTimeType@51c959a4
2023-05-30 10:03:41.121 DEBUG 59888 --- [main] org.hibernate.type.BasicTypeRegistry     : Adding type registration java.time.OffsetDateTime -> org.hibernate.type.OffsetDateTimeType@51c959a4
2023-05-30 10:03:41.121 DEBUG 59888 --- [main] org.hibernate.type.BasicTypeRegistry     : Adding type registration OffsetTime -> org.hibernate.type.OffsetTimeType@31ee2fdb
2023-05-30 10:03:41.121 DEBUG 59888 --- [main] org.hibernate.type.BasicTypeRegistry     : Adding type registration java.time.OffsetTime -> org.hibernate.type.OffsetTimeType@31ee2fdb
2023-05-30 10:03:41.122 DEBUG 59888 --- [main] org.hibernate.type.BasicTypeRegistry     : Adding type registration ZonedDateTime -> org.hibernate.type.ZonedDateTimeType@6403e24c
2023-05-30 10:03:41.123 DEBUG 59888 --- [main] org.hibernate.type.BasicTypeRegistry     : Adding type registration java.time.ZonedDateTime -> org.hibernate.type.ZonedDateTimeType@6403e24c
2023-05-30 10:03:41.123 DEBUG 59888 --- [main] org.hibernate.type.BasicTypeRegistry     : Adding type registration date -> org.hibernate.type.DateType@75ae4a1f
2023-05-30 10:03:41.123 DEBUG 59888 --- [main] org.hibernate.type.BasicTypeRegistry     : Adding type registration java.sql.Date -> org.hibernate.type.DateType@75ae4a1f
2023-05-30 10:03:41.124 DEBUG 59888 --- [main] org.hibernate.type.BasicTypeRegistry     : Adding type registration time -> org.hibernate.type.TimeType@60bbacfc
2023-05-30 10:03:41.124 DEBUG 59888 --- [main] org.hibernate.type.BasicTypeRegistry     : Adding type registration java.sql.Time -> org.hibernate.type.TimeType@60bbacfc
2023-05-30 10:03:41.124 DEBUG 59888 --- [main] org.hibernate.type.BasicTypeRegistry     : Adding type registration timestamp -> org.hibernate.type.TimestampType@3c5dbdf8
2023-05-30 10:03:41.125 DEBUG 59888 --- [main] org.hibernate.type.BasicTypeRegistry     : Adding type registration java.sql.Timestamp -> org.hibernate.type.TimestampType@3c5dbdf8
2023-05-30 10:03:41.125 DEBUG 59888 --- [main] org.hibernate.type.BasicTypeRegistry     : Adding type registration java.util.Date -> org.hibernate.type.TimestampType@3c5dbdf8
2023-05-30 10:03:41.125 DEBUG 59888 --- [main] org.hibernate.type.BasicTypeRegistry     : Adding type registration dbtimestamp -> org.hibernate.type.DbTimestampType@a66e580
2023-05-30 10:03:41.126 DEBUG 59888 --- [main] org.hibernate.type.BasicTypeRegistry     : Adding type registration calendar -> org.hibernate.type.CalendarType@71a06021
2023-05-30 10:03:41.126 DEBUG 59888 --- [main] org.hibernate.type.BasicTypeRegistry     : Adding type registration java.util.Calendar -> org.hibernate.type.CalendarType@71a06021
2023-05-30 10:03:41.126 DEBUG 59888 --- [main] org.hibernate.type.BasicTypeRegistry     : Adding type registration java.util.GregorianCalendar -> org.hibernate.type.CalendarType@71a06021
2023-05-30 10:03:41.126 DEBUG 59888 --- [main] org.hibernate.type.BasicTypeRegistry     : Adding type registration calendar_date -> org.hibernate.type.CalendarDateType@6981f8f3
2023-05-30 10:03:41.126 DEBUG 59888 --- [main] org.hibernate.type.BasicTypeRegistry     : Adding type registration calendar_time -> org.hibernate.type.CalendarTimeType@646c0a67
2023-05-30 10:03:41.127 DEBUG 59888 --- [main] org.hibernate.type.BasicTypeRegistry     : Adding type registration locale -> org.hibernate.type.LocaleType@46963479
2023-05-30 10:03:41.127 DEBUG 59888 --- [main] org.hibernate.type.BasicTypeRegistry     : Adding type registration java.util.Locale -> org.hibernate.type.LocaleType@46963479
2023-05-30 10:03:41.127 DEBUG 59888 --- [main] org.hibernate.type.BasicTypeRegistry     : Adding type registration currency -> org.hibernate.type.CurrencyType@e57e5d6
2023-05-30 10:03:41.127 DEBUG 59888 --- [main] org.hibernate.type.BasicTypeRegistry     : Adding type registration java.util.Currency -> org.hibernate.type.CurrencyType@e57e5d6
2023-05-30 10:03:41.127 DEBUG 59888 --- [main] org.hibernate.type.BasicTypeRegistry     : Adding type registration timezone -> org.hibernate.type.TimeZoneType@4b6e1c0
2023-05-30 10:03:41.128 DEBUG 59888 --- [main] org.hibernate.type.BasicTypeRegistry     : Adding type registration java.util.TimeZone -> org.hibernate.type.TimeZoneType@4b6e1c0
2023-05-30 10:03:41.128 DEBUG 59888 --- [main] org.hibernate.type.BasicTypeRegistry     : Adding type registration class -> org.hibernate.type.ClassType@18d910b3
2023-05-30 10:03:41.128 DEBUG 59888 --- [main] org.hibernate.type.BasicTypeRegistry     : Adding type registration java.lang.Class -> org.hibernate.type.ClassType@18d910b3
2023-05-30 10:03:41.128 DEBUG 59888 --- [main] org.hibernate.type.BasicTypeRegistry     : Adding type registration uuid-binary -> org.hibernate.type.UUIDBinaryType@6cd64ee8
2023-05-30 10:03:41.128 DEBUG 59888 --- [main] org.hibernate.type.BasicTypeRegistry     : Adding type registration java.util.UUID -> org.hibernate.type.UUIDBinaryType@6cd64ee8
2023-05-30 10:03:41.128 DEBUG 59888 --- [main] org.hibernate.type.BasicTypeRegistry     : Adding type registration uuid-char -> org.hibernate.type.UUIDCharType@5460b754
2023-05-30 10:03:41.129 DEBUG 59888 --- [main] org.hibernate.type.BasicTypeRegistry     : Adding type registration binary -> org.hibernate.type.BinaryType@12fcc71f
2023-05-30 10:03:41.129 DEBUG 59888 --- [main] org.hibernate.type.BasicTypeRegistry     : Adding type registration byte[] -> org.hibernate.type.BinaryType@12fcc71f
2023-05-30 10:03:41.129 DEBUG 59888 --- [main] org.hibernate.type.BasicTypeRegistry     : Adding type registration [B -> org.hibernate.type.BinaryType@12fcc71f
2023-05-30 10:03:41.129 DEBUG 59888 --- [main] org.hibernate.type.BasicTypeRegistry     : Adding type registration wrapper-binary -> org.hibernate.type.WrapperBinaryType@56a4f272
2023-05-30 10:03:41.129 DEBUG 59888 --- [main] org.hibernate.type.BasicTypeRegistry     : Adding type registration Byte[] -> org.hibernate.type.WrapperBinaryType@56a4f272
2023-05-30 10:03:41.129 DEBUG 59888 --- [main] org.hibernate.type.BasicTypeRegistry     : Adding type registration [Ljava.lang.Byte; -> org.hibernate.type.WrapperBinaryType@56a4f272
2023-05-30 10:03:41.130 DEBUG 59888 --- [main] org.hibernate.type.BasicTypeRegistry     : Adding type registration row_version -> org.hibernate.type.RowVersionType@77bbadc
2023-05-30 10:03:41.130 DEBUG 59888 --- [main] org.hibernate.type.BasicTypeRegistry     : Adding type registration image -> org.hibernate.type.ImageType@7fdab70c
2023-05-30 10:03:41.130 DEBUG 59888 --- [main] org.hibernate.type.BasicTypeRegistry     : Adding type registration characters -> org.hibernate.type.CharArrayType@a451491
2023-05-30 10:03:41.130 DEBUG 59888 --- [main] org.hibernate.type.BasicTypeRegistry     : Adding type registration char[] -> org.hibernate.type.CharArrayType@a451491
2023-05-30 10:03:41.130 DEBUG 59888 --- [main] org.hibernate.type.BasicTypeRegistry     : Adding type registration [C -> org.hibernate.type.CharArrayType@a451491
2023-05-30 10:03:41.131 DEBUG 59888 --- [main] org.hibernate.type.BasicTypeRegistry     : Adding type registration wrapper-characters -> org.hibernate.type.CharacterArrayType@58472096
2023-05-30 10:03:41.131 DEBUG 59888 --- [main] org.hibernate.type.BasicTypeRegistry     : Adding type registration [Ljava.lang.Character; -> org.hibernate.type.CharacterArrayType@58472096
2023-05-30 10:03:41.131 DEBUG 59888 --- [main] org.hibernate.type.BasicTypeRegistry     : Adding type registration Character[] -> org.hibernate.type.CharacterArrayType@58472096
2023-05-30 10:03:41.131 DEBUG 59888 --- [main] org.hibernate.type.BasicTypeRegistry     : Adding type registration text -> org.hibernate.type.TextType@337bbfdf
2023-05-30 10:03:41.131 DEBUG 59888 --- [main] org.hibernate.type.BasicTypeRegistry     : Adding type registration ntext -> org.hibernate.type.NTextType@5e5af8e1
2023-05-30 10:03:41.131 DEBUG 59888 --- [main] org.hibernate.type.BasicTypeRegistry     : Adding type registration blob -> org.hibernate.type.BlobType@6e0c6a7a
2023-05-30 10:03:41.132 DEBUG 59888 --- [main] org.hibernate.type.BasicTypeRegistry     : Adding type registration java.sql.Blob -> org.hibernate.type.BlobType@6e0c6a7a
2023-05-30 10:03:41.132 DEBUG 59888 --- [main] org.hibernate.type.BasicTypeRegistry     : Adding type registration materialized_blob -> org.hibernate.type.MaterializedBlobType@6cc86152
2023-05-30 10:03:41.132 DEBUG 59888 --- [main] org.hibernate.type.BasicTypeRegistry     : Adding type registration clob -> org.hibernate.type.ClobType@522bf64e
2023-05-30 10:03:41.132 DEBUG 59888 --- [main] org.hibernate.type.BasicTypeRegistry     : Adding type registration java.sql.Clob -> org.hibernate.type.ClobType@522bf64e
2023-05-30 10:03:41.133 DEBUG 59888 --- [main] org.hibernate.type.BasicTypeRegistry     : Adding type registration nclob -> org.hibernate.type.NClobType@2e66bc32
2023-05-30 10:03:41.133 DEBUG 59888 --- [main] org.hibernate.type.BasicTypeRegistry     : Adding type registration java.sql.NClob -> org.hibernate.type.NClobType@2e66bc32
2023-05-30 10:03:41.133 DEBUG 59888 --- [main] org.hibernate.type.BasicTypeRegistry     : Adding type registration materialized_clob -> org.hibernate.type.MaterializedClobType@44536de4
2023-05-30 10:03:41.133 DEBUG 59888 --- [main] org.hibernate.type.BasicTypeRegistry     : Adding type registration materialized_nclob -> org.hibernate.type.MaterializedNClobType@28da7d11
2023-05-30 10:03:41.134 DEBUG 59888 --- [main] org.hibernate.type.BasicTypeRegistry     : Adding type registration serializable -> org.hibernate.type.SerializableType@15639440
2023-05-30 10:03:41.135 DEBUG 59888 --- [main] org.hibernate.type.BasicTypeRegistry     : Adding type registration object -> org.hibernate.type.ObjectType@2b680207
2023-05-30 10:03:41.135 DEBUG 59888 --- [main] org.hibernate.type.BasicTypeRegistry     : Adding type registration java.lang.Object -> org.hibernate.type.ObjectType@2b680207
2023-05-30 10:03:41.135 DEBUG 59888 --- [main] org.hibernate.type.BasicTypeRegistry     : Adding type registration imm_date -> org.hibernate.type.AdaptedImmutableType@599e4d41
2023-05-30 10:03:41.135 DEBUG 59888 --- [main] org.hibernate.type.BasicTypeRegistry     : Adding type registration imm_time -> org.hibernate.type.AdaptedImmutableType@328d044f
2023-05-30 10:03:41.135 DEBUG 59888 --- [main] org.hibernate.type.BasicTypeRegistry     : Adding type registration imm_timestamp -> org.hibernate.type.AdaptedImmutableType@10f7c76
2023-05-30 10:03:41.135 DEBUG 59888 --- [main] org.hibernate.type.BasicTypeRegistry     : Adding type registration imm_dbtimestamp -> org.hibernate.type.AdaptedImmutableType@4745e9c
2023-05-30 10:03:41.135 DEBUG 59888 --- [main] org.hibernate.type.BasicTypeRegistry     : Adding type registration imm_calendar -> org.hibernate.type.AdaptedImmutableType@2f2bff16
2023-05-30 10:03:41.135 DEBUG 59888 --- [main] org.hibernate.type.BasicTypeRegistry     : Adding type registration imm_calendar_date -> org.hibernate.type.AdaptedImmutableType@75de29c0
2023-05-30 10:03:41.136 DEBUG 59888 --- [main] org.hibernate.type.BasicTypeRegistry     : Adding type registration imm_binary -> org.hibernate.type.AdaptedImmutableType@fc807c1
2023-05-30 10:03:41.136 DEBUG 59888 --- [main] org.hibernate.type.BasicTypeRegistry     : Adding type registration imm_serializable -> org.hibernate.type.AdaptedImmutableType@296e281a
2023-05-30 10:03:41.150  INFO 59888 --- [main] com.zaxxer.hikari.HikariDataSource       : HikariPool-1 - Starting...
2023-05-30 10:03:41.775  INFO 59888 --- [main] com.zaxxer.hikari.HikariDataSource       : HikariPool-1 - Start completed.
2023-05-30 10:03:41.789  INFO 59888 --- [main] org.hibernate.dialect.Dialect            : HHH000400: Using dialect: org.hibernate.dialect.Oracle12cDialect
2023-05-30 10:03:42.575 DEBUG 59888 --- [main] org.hibernate.type.BasicTypeRegistry     : Adding type registration byte[] -> org.hibernate.type.MaterializedBlobType@6cc86152
2023-05-30 10:03:42.575 DEBUG 59888 --- [main] org.hibernate.type.BasicTypeRegistry     : HHH000270: Type registration [byte[]] overrides previous : org.hibernate.type.BinaryType@12fcc71f
2023-05-30 10:03:42.576 DEBUG 59888 --- [main] org.hibernate.type.BasicTypeRegistry     : Adding type registration [B -> org.hibernate.type.MaterializedBlobType@6cc86152
2023-05-30 10:03:42.576 DEBUG 59888 --- [main] org.hibernate.type.BasicTypeRegistry     : HHH000270: Type registration [[B] overrides previous : org.hibernate.type.BinaryType@12fcc71f
2023-05-30 10:03:42.577 DEBUG 59888 --- [main] org.hibernate.type.BasicTypeRegistry     : Adding type registration Byte[] -> org.hibernate.type.WrappedMaterializedBlobType@d535a3d
2023-05-30 10:03:42.577 DEBUG 59888 --- [main] org.hibernate.type.BasicTypeRegistry     : HHH000270: Type registration [Byte[]] overrides previous : org.hibernate.type.WrapperBinaryType@56a4f272
2023-05-30 10:03:42.577 DEBUG 59888 --- [main] org.hibernate.type.BasicTypeRegistry     : Adding type registration [Ljava.lang.Byte; -> org.hibernate.type.WrappedMaterializedBlobType@d535a3d
2023-05-30 10:03:42.577 DEBUG 59888 --- [main] org.hibernate.type.BasicTypeRegistry     : HHH000270: Type registration [[Ljava.lang.Byte;] overrides previous : org.hibernate.type.WrapperBinaryType@56a4f272
2023-05-30 10:03:42.578 DEBUG 59888 --- [main] o.h.type.spi.TypeConfiguration$Scope     : Scoping TypeConfiguration [org.hibernate.type.spi.TypeConfiguration@3e36b7a0] to MetadataBuildingContext [org.hibernate.boot.internal.MetadataBuildingContextRootImpl@60c1663c]
2023-05-30 10:03:42.669 DEBUG 59888 --- [main] o.h.type.spi.TypeConfiguration$Scope     : Scoping TypeConfiguration [org.hibernate.type.spi.TypeConfiguration@3e36b7a0] to SessionFactoryImpl [org.hibernate.internal.SessionFactoryImpl@7ba93755]
2023-05-30 10:03:42.815  INFO 59888 --- [main] o.h.e.t.j.p.i.JtaPlatformInitiator       : HHH000490: Using JtaPlatform implementation: [org.hibernate.engine.transaction.jta.platform.internal.NoJtaPlatform]
2023-05-30 10:03:42.819 TRACE 59888 --- [main] o.h.type.spi.TypeConfiguration$Scope     : Handling #sessionFactoryCreated from [org.hibernate.internal.SessionFactoryImpl@7ba93755] for TypeConfiguration
2023-05-30 10:03:42.820  INFO 59888 --- [main] j.LocalContainerEntityManagerFactoryBean : Initialized JPA EntityManagerFactory for persistence unit 'default'
2023-05-30 10:03:43.028  WARN 59888 --- [main] JpaBaseConfiguration$JpaWebConfiguration : spring.jpa.open-in-view is enabled by default. Therefore, database queries may be performed during view rendering. Explicitly configure spring.jpa.open-in-view to disable this warning
2023-05-30 10:03:43.317  INFO 59888 --- [main] o.s.s.web.DefaultSecurityFilterChain     : Will secure any request with [org.springframework.security.web.context.request.async.WebAsyncManagerIntegrationFilter@443af394, org.springframework.security.web.context.SecurityContextPersistenceFilter@26d028f7, org.springframework.security.web.header.HeaderWriterFilter@14485747, org.springframework.security.web.csrf.CsrfFilter@184de357, org.springframework.security.web.authentication.logout.LogoutFilter@bb12f41, org.springframework.security.web.authentication.UsernamePasswordAuthenticationFilter@6451a288, org.springframework.security.web.authentication.ui.DefaultLoginPageGeneratingFilter@18989e0, org.springframework.security.web.authentication.ui.DefaultLogoutPageGeneratingFilter@734f8317, org.springframework.security.web.authentication.www.BasicAuthenticationFilter@636dbfe7, org.springframework.security.web.savedrequest.RequestCacheAwareFilter@782cc5fa, org.springframework.security.web.servletapi.SecurityContextHolderAwareRequestFilter@42cc420b, org.springframework.security.web.authentication.AnonymousAuthenticationFilter@7dd3981e, org.springframework.security.web.session.SessionManagementFilter@78eafad, org.springframework.security.web.access.ExceptionTranslationFilter@7433ca19, org.springframework.security.web.access.intercept.FilterSecurityInterceptor@58cda03f]
2023-05-30 10:03:43.356  INFO 59888 --- [main] o.s.b.w.embedded.tomcat.TomcatWebServer  : Tomcat started on port(s): 8080 (http) with context path ''
2023-05-30 10:03:43.365  INFO 59888 --- [main] com.jadm.JadmBbookInOcApplication        : Started JadmBbookInOcApplication in 3.544 seconds (JVM running for 4.247)
2023-05-30 10:04:00.007  INFO 59888 --- [scheduling-1] com.jadm.scheduler.ScheduledTasks        : 10:04:00 : Generacion periodica para el envio de OC
2023-05-30 10:04:00.118 DEBUG 59888 --- [scheduling-1] org.hibernate.SQL                        : select distinct pmg_po_number from app_sam.sdi_sdipmghde where tran_type = 'A' and   pmg_stat_code = 4 and   download_date_1 is null and  pmg_ext_po_num in (select distinct t.pmg_ext_po_num from app_sam.BBOOK_SDIPMGDTI t)
2023-05-30 10:04:00.200 TRACE 59888 --- [scheduling-1] o.h.type.descriptor.sql.BasicExtractor   : extracted value ([PMG_PO_NUMBER] : [NUMERIC]) - [511943]
2023-05-30 10:04:00.359 DEBUG 59888 --- [scheduling-1] org.hibernate.SQL                        : select bbookenvio0_.prd_upc as prd_upc1_0_, bbookenvio0_.error as error2_0_, bbookenvio0_.idd as idd3_0_, bbookenvio0_.pmg_ext_po_num as pmg_ext_po_num4_0_, bbookenvio0_.pmg_po_number as pmg_po_number5_0_, bbookenvio0_.prc_price1 as prc_price6_0_, bbookenvio0_.prc_price2 as prc_price7_0_, bbookenvio0_.prd_desc as prd_desc8_0_, bbookenvio0_.prd_lvl_number as prd_lvl_number9_0_, bbookenvio0_.prd_lvl_parent_num as prd_lvl_parent_nu10_0_, bbookenvio0_.prd_name_full as prd_name_full11_0_, bbookenvio0_.prd_pdd_code_1 as prd_pdd_code_12_0_, bbookenvio0_.prd_pdd_code_2 as prd_pdd_code_13_0_, bbookenvio0_.prd_pdd_code_3 as prd_pdd_code_14_0_, bbookenvio0_.proforma_invoice as proforma_invoice15_0_, bbookenvio0_.status as status16_0_, bbookenvio0_.value as value17_0_ from bbook_envio_oc bbookenvio0_ where bbookenvio0_.pmg_po_number=?
2023-05-30 10:04:00.360 TRACE 59888 --- [scheduling-1] o.h.type.descriptor.sql.BasicBinder      : binding parameter [1] as [BIGINT] - [511943]
2023-05-30 10:04:11.111 TRACE 59888 --- [scheduling-1] o.h.type.descriptor.sql.BasicExtractor   : extracted value ([prd_upc1_0_] : [BIGINT]) - [2000039351881]
2023-05-30 10:04:11.122 TRACE 59888 --- [scheduling-1] o.h.type.descriptor.sql.BasicExtractor   : extracted value ([error2_0_] : [VARCHAR]) - [OK]
2023-05-30 10:04:11.123 TRACE 59888 --- [scheduling-1] o.h.type.descriptor.sql.BasicExtractor   : extracted value ([idd3_0_] : [VARCHAR]) - [AABHY5ABYAAAEEHAAA]
2023-05-30 10:04:11.123 TRACE 59888 --- [scheduling-1] o.h.type.descriptor.sql.BasicExtractor   : extracted value ([pmg_ext_po_num4_0_] : [VARCHAR]) - [3426]
2023-05-30 10:04:11.123 TRACE 59888 --- [scheduling-1] o.h.type.descriptor.sql.BasicExtractor   : extracted value ([pmg_po_number5_0_] : [BIGINT]) - [511943]
2023-05-30 10:04:11.123 TRACE 59888 --- [scheduling-1] o.h.type.descriptor.sql.BasicExtractor   : extracted value ([prc_price6_0_] : [VARCHAR]) - [2x $20990]
2023-05-30 10:04:11.124 TRACE 59888 --- [scheduling-1] o.h.type.descriptor.sql.BasicExtractor   : extracted value ([prc_price7_0_] : [BIGINT]) - [11990]
2023-05-30 10:04:11.124 TRACE 59888 --- [scheduling-1] o.h.type.descriptor.sql.BasicExtractor   : extracted value ([prd_desc8_0_] : [VARCHAR]) - [BASHOCRV24-WHOT]
2023-05-30 10:04:11.124 TRACE 59888 --- [scheduling-1] o.h.type.descriptor.sql.BasicExtractor   : extracted value ([prd_lvl_number9_0_] : [VARCHAR]) - [3393519200007]
2023-05-30 10:04:11.124 TRACE 59888 --- [scheduling-1] o.h.type.descriptor.sql.BasicExtractor   : extracted value ([prd_lvl_parent_nu10_0_] : [VARCHAR]) - [3935187]
2023-05-30 10:04:11.124 TRACE 59888 --- [scheduling-1] o.h.type.descriptor.sql.BasicExtractor   : extracted value ([prd_name_full11_0_] : [VARCHAR]) - [610 SHORT JEANS]
2023-05-30 10:04:11.124 TRACE 59888 --- [scheduling-1] o.h.type.descriptor.sql.BasicExtractor   : extracted value ([prd_pdd_code_12_0_] : [VARCHAR]) - [AZUL]
2023-05-30 10:04:11.125 TRACE 59888 --- [scheduling-1] o.h.type.descriptor.sql.BasicExtractor   : extracted value ([prd_pdd_code_13_0_] : [VARCHAR]) - [3/4A]
2023-05-30 10:04:11.125 TRACE 59888 --- [scheduling-1] o.h.type.descriptor.sql.BasicExtractor   : extracted value ([prd_pdd_code_14_0_] : [VARCHAR]) - [null]
2023-05-30 10:04:11.125 TRACE 59888 --- [scheduling-1] o.h.type.descriptor.sql.BasicExtractor   : extracted value ([proforma_invoice15_0_] : [VARCHAR]) - [S15047]
2023-05-30 10:04:11.125 TRACE 59888 --- [scheduling-1] o.h.type.descriptor.sql.BasicExtractor   : extracted value ([status16_0_] : [BIGINT]) - [0]
2023-05-30 10:04:11.125 TRACE 59888 --- [scheduling-1] o.h.type.descriptor.sql.BasicExtractor   : extracted value ([value17_0_] : [VARCHAR]) - [null]
2023-05-30 10:04:11.127 TRACE 59888 --- [scheduling-1] o.h.type.descriptor.sql.BasicExtractor   : extracted value ([prd_upc1_0_] : [BIGINT]) - [2000039351898]
2023-05-30 10:04:11.127 TRACE 59888 --- [scheduling-1] o.h.type.descriptor.sql.BasicExtractor   : extracted value ([error2_0_] : [VARCHAR]) - [OK]
2023-05-30 10:04:11.127 TRACE 59888 --- [scheduling-1] o.h.type.descriptor.sql.BasicExtractor   : extracted value ([idd3_0_] : [VARCHAR]) - [AABHY5ABYAAAEEHAAA]
2023-05-30 10:04:11.127 TRACE 59888 --- [scheduling-1] o.h.type.descriptor.sql.BasicExtractor   : extracted value ([pmg_ext_po_num4_0_] : [VARCHAR]) - [3426]
2023-05-30 10:04:11.127 TRACE 59888 --- [scheduling-1] o.h.type.descriptor.sql.BasicExtractor   : extracted value ([pmg_po_number5_0_] : [BIGINT]) - [511943]
2023-05-30 10:04:11.127 TRACE 59888 --- [scheduling-1] o.h.type.descriptor.sql.BasicExtractor   : extracted value ([prc_price6_0_] : [VARCHAR]) - [2x $20990]
2023-05-30 10:04:11.127 TRACE 59888 --- [scheduling-1] o.h.type.descriptor.sql.BasicExtractor   : extracted value ([prc_price7_0_] : [BIGINT]) - [11990]
2023-05-30 10:04:11.127 TRACE 59888 --- [scheduling-1] o.h.type.descriptor.sql.BasicExtractor   : extracted value ([prd_desc8_0_] : [VARCHAR]) - [BASHOCRV24-WHOT]
2023-05-30 10:04:11.128 TRACE 59888 --- [scheduling-1] o.h.type.descriptor.sql.BasicExtractor   : extracted value ([prd_lvl_number9_0_] : [VARCHAR]) - [3393519200007]
2023-05-30 10:04:11.128 TRACE 59888 --- [scheduling-1] o.h.type.descriptor.sql.BasicExtractor   : extracted value ([prd_lvl_parent_nu10_0_] : [VARCHAR]) - [3935187]
2023-05-30 10:04:11.128 TRACE 59888 --- [scheduling-1] o.h.type.descriptor.sql.BasicExtractor   : extracted value ([prd_name_full11_0_] : [VARCHAR]) - [610 SHORT JEANS]
2023-05-30 10:04:11.128 TRACE 59888 --- [scheduling-1] o.h.type.descriptor.sql.BasicExtractor   : extracted value ([prd_pdd_code_12_0_] : [VARCHAR]) - [AZUL]
2023-05-30 10:04:11.128 TRACE 59888 --- [scheduling-1] o.h.type.descriptor.sql.BasicExtractor   : extracted value ([prd_pdd_code_13_0_] : [VARCHAR]) - [2/3A]
2023-05-30 10:04:11.128 TRACE 59888 --- [scheduling-1] o.h.type.descriptor.sql.BasicExtractor   : extracted value ([prd_pdd_code_14_0_] : [VARCHAR]) - [null]
2023-05-30 10:04:11.128 TRACE 59888 --- [scheduling-1] o.h.type.descriptor.sql.BasicExtractor   : extracted value ([proforma_invoice15_0_] : [VARCHAR]) - [S15047]
2023-05-30 10:04:11.128 TRACE 59888 --- [scheduling-1] o.h.type.descriptor.sql.BasicExtractor   : extracted value ([status16_0_] : [BIGINT]) - [0]
2023-05-30 10:04:11.128 TRACE 59888 --- [scheduling-1] o.h.type.descriptor.sql.BasicExtractor   : extracted value ([value17_0_] : [VARCHAR]) - [null]
2023-05-30 10:04:11.129 TRACE 59888 --- [scheduling-1] o.h.type.descriptor.sql.BasicExtractor   : extracted value ([prd_upc1_0_] : [BIGINT]) - [2000039351904]
2023-05-30 10:04:11.129 TRACE 59888 --- [scheduling-1] o.h.type.descriptor.sql.BasicExtractor   : extracted value ([error2_0_] : [VARCHAR]) - [OK]
2023-05-30 10:04:11.129 TRACE 59888 --- [scheduling-1] o.h.type.descriptor.sql.BasicExtractor   : extracted value ([idd3_0_] : [VARCHAR]) - [AABHY5ABYAAAEEHAAA]
2023-05-30 10:04:11.129 TRACE 59888 --- [scheduling-1] o.h.type.descriptor.sql.BasicExtractor   : extracted value ([pmg_ext_po_num4_0_] : [VARCHAR]) - [3426]
2023-05-30 10:04:11.129 TRACE 59888 --- [scheduling-1] o.h.type.descriptor.sql.BasicExtractor   : extracted value ([pmg_po_number5_0_] : [BIGINT]) - [511943]
2023-05-30 10:04:11.129 TRACE 59888 --- [scheduling-1] o.h.type.descriptor.sql.BasicExtractor   : extracted value ([prc_price6_0_] : [VARCHAR]) - [2x $20990]
2023-05-30 10:04:11.129 TRACE 59888 --- [scheduling-1] o.h.type.descriptor.sql.BasicExtractor   : extracted value ([prc_price7_0_] : [BIGINT]) - [11990]
2023-05-30 10:04:11.129 TRACE 59888 --- [scheduling-1] o.h.type.descriptor.sql.BasicExtractor   : extracted value ([prd_desc8_0_] : [VARCHAR]) - [BASHOCRV24-WHOT]
2023-05-30 10:04:11.130 TRACE 59888 --- [scheduling-1] o.h.type.descriptor.sql.BasicExtractor   : extracted value ([prd_lvl_number9_0_] : [VARCHAR]) - [3393519200007]
2023-05-30 10:04:11.130 TRACE 59888 --- [scheduling-1] o.h.type.descriptor.sql.BasicExtractor   : extracted value ([prd_lvl_parent_nu10_0_] : [VARCHAR]) - [3935187]
2023-05-30 10:04:11.130 TRACE 59888 --- [scheduling-1] o.h.type.descriptor.sql.BasicExtractor   : extracted value ([prd_name_full11_0_] : [VARCHAR]) - [610 SHORT JEANS]
2023-05-30 10:04:11.130 TRACE 59888 --- [scheduling-1] o.h.type.descriptor.sql.BasicExtractor   : extracted value ([prd_pdd_code_12_0_] : [VARCHAR]) - [AZUL]
2023-05-30 10:04:11.130 TRACE 59888 --- [scheduling-1] o.h.type.descriptor.sql.BasicExtractor   : extracted value ([prd_pdd_code_13_0_] : [VARCHAR]) - [12/18M]
2023-05-30 10:04:11.130 TRACE 59888 --- [scheduling-1] o.h.type.descriptor.sql.BasicExtractor   : extracted value ([prd_pdd_code_14_0_] : [VARCHAR]) - [null]
2023-05-30 10:04:11.130 TRACE 59888 --- [scheduling-1] o.h.type.descriptor.sql.BasicExtractor   : extracted value ([proforma_invoice15_0_] : [VARCHAR]) - [S15047]
2023-05-30 10:04:11.130 TRACE 59888 --- [scheduling-1] o.h.type.descriptor.sql.BasicExtractor   : extracted value ([status16_0_] : [BIGINT]) - [0]
2023-05-30 10:04:11.130 TRACE 59888 --- [scheduling-1] o.h.type.descriptor.sql.BasicExtractor   : extracted value ([value17_0_] : [VARCHAR]) - [null]
2023-05-30 10:04:11.130 TRACE 59888 --- [scheduling-1] o.h.type.descriptor.sql.BasicExtractor   : extracted value ([prd_upc1_0_] : [BIGINT]) - [2000039351911]
2023-05-30 10:04:11.131 TRACE 59888 --- [scheduling-1] o.h.type.descriptor.sql.BasicExtractor   : extracted value ([error2_0_] : [VARCHAR]) - [OK]
2023-05-30 10:04:11.131 TRACE 59888 --- [scheduling-1] o.h.type.descriptor.sql.BasicExtractor   : extracted value ([idd3_0_] : [VARCHAR]) - [AABHY5ABYAAAEEHAAA]
2023-05-30 10:04:11.131 TRACE 59888 --- [scheduling-1] o.h.type.descriptor.sql.BasicExtractor   : extracted value ([pmg_ext_po_num4_0_] : [VARCHAR]) - [3426]
2023-05-30 10:04:11.131 TRACE 59888 --- [scheduling-1] o.h.type.descriptor.sql.BasicExtractor   : extracted value ([pmg_po_number5_0_] : [BIGINT]) - [511943]
2023-05-30 10:04:11.131 TRACE 59888 --- [scheduling-1] o.h.type.descriptor.sql.BasicExtractor   : extracted value ([prc_price6_0_] : [VARCHAR]) - [2x $20990]
2023-05-30 10:04:11.131 TRACE 59888 --- [scheduling-1] o.h.type.descriptor.sql.BasicExtractor   : extracted value ([prc_price7_0_] : [BIGINT]) - [11990]
2023-05-30 10:04:11.131 TRACE 59888 --- [scheduling-1] o.h.type.descriptor.sql.BasicExtractor   : extracted value ([prd_desc8_0_] : [VARCHAR]) - [BASHOCRV24-WHOT]
2023-05-30 10:04:11.131 TRACE 59888 --- [scheduling-1] o.h.type.descriptor.sql.BasicExtractor   : extracted value ([prd_lvl_number9_0_] : [VARCHAR]) - [3393519200007]
2023-05-30 10:04:11.131 TRACE 59888 --- [scheduling-1] o.h.type.descriptor.sql.BasicExtractor   : extracted value ([prd_lvl_parent_nu10_0_] : [VARCHAR]) - [3935187]
2023-05-30 10:04:11.131 TRACE 59888 --- [scheduling-1] o.h.type.descriptor.sql.BasicExtractor   : extracted value ([prd_name_full11_0_] : [VARCHAR]) - [610 SHORT JEANS]
2023-05-30 10:04:11.132 TRACE 59888 --- [scheduling-1] o.h.type.descriptor.sql.BasicExtractor   : extracted value ([prd_pdd_code_12_0_] : [VARCHAR]) - [AZUL]
2023-05-30 10:04:11.132 TRACE 59888 --- [scheduling-1] o.h.type.descriptor.sql.BasicExtractor   : extracted value ([prd_pdd_code_13_0_] : [VARCHAR]) - [18/24M]
2023-05-30 10:04:11.132 TRACE 59888 --- [scheduling-1] o.h.type.descriptor.sql.BasicExtractor   : extracted value ([prd_pdd_code_14_0_] : [VARCHAR]) - [null]
2023-05-30 10:04:11.132 TRACE 59888 --- [scheduling-1] o.h.type.descriptor.sql.BasicExtractor   : extracted value ([proforma_invoice15_0_] : [VARCHAR]) - [S15047]
2023-05-30 10:04:11.132 TRACE 59888 --- [scheduling-1] o.h.type.descriptor.sql.BasicExtractor   : extracted value ([status16_0_] : [BIGINT]) - [0]
2023-05-30 10:04:11.132 TRACE 59888 --- [scheduling-1] o.h.type.descriptor.sql.BasicExtractor   : extracted value ([value17_0_] : [VARCHAR]) - [null]
2023-05-30 10:05:36.452  WARN 59888 --- [HikariPool-1 housekeeper] com.zaxxer.hikari.pool.HikariPool        : HikariPool-1 - Thread starvation or clock leap detected (housekeeper delta=1m54s566ms).
2023-05-30 10:06:23.818  WARN 59888 --- [HikariPool-1 housekeeper] com.zaxxer.hikari.pool.HikariPool        : HikariPool-1 - Thread starvation or clock leap detected (housekeeper delta=47s372ms).
2023-05-30 10:06:23.944  INFO 59888 --- [SpringApplicationShutdownHook] j.LocalContainerEntityManagerFactoryBean : Closing JPA EntityManagerFactory for persistence unit 'default'
2023-05-30 10:06:23.946 TRACE 59888 --- [SpringApplicationShutdownHook] o.h.type.spi.TypeConfiguration$Scope     : Handling #sessionFactoryClosed from [org.hibernate.internal.SessionFactoryImpl@7ba93755] for TypeConfiguration
2023-05-30 10:06:23.947 DEBUG 59888 --- [SpringApplicationShutdownHook] o.h.type.spi.TypeConfiguration$Scope     : Un-scoping TypeConfiguration [org.hibernate.type.spi.TypeConfiguration$Scope@3df6e9c3] from SessionFactory [org.hibernate.internal.SessionFactoryImpl@7ba93755]
2023-05-30 10:06:23.950  INFO 59888 --- [SpringApplicationShutdownHook] com.zaxxer.hikari.HikariDataSource       : HikariPool-1 - Shutdown initiated...
2023-05-30 10:06:24.862 ERROR 59888 --- [scheduling-1] com.jadm.service.BbookService            : Error al enviar datos

java.lang.NullPointerException: null
	at com.jadm.utilities.HttpUtilities.BulkUpdateApiPoster(HttpUtilities.java:61) ~[classes/:na]
	at com.jadm.service.BbookService.EnvioOc(BbookService.java:95) ~[classes/:na]
	at com.jadm.service.BbookService$$FastClassBySpringCGLIB$$7adc27a4.invoke(<generated>) [classes/:na]
	at org.springframework.cglib.proxy.MethodProxy.invoke(MethodProxy.java:218) [spring-core-5.3.8.jar:5.3.8]
	at org.springframework.aop.framework.CglibAopProxy$CglibMethodInvocation.invokeJoinpoint(CglibAopProxy.java:779) [spring-aop-5.3.8.jar:5.3.8]
	at org.springframework.aop.framework.ReflectiveMethodInvocation.proceed(ReflectiveMethodInvocation.java:163) [spring-aop-5.3.8.jar:5.3.8]
	at org.springframework.aop.framework.CglibAopProxy$CglibMethodInvocation.proceed(CglibAopProxy.java:750) [spring-aop-5.3.8.jar:5.3.8]
	at org.springframework.transaction.interceptor.TransactionInterceptor$1.proceedWithInvocation(TransactionInterceptor.java:123) [spring-tx-5.3.8.jar:5.3.8]
	at org.springframework.transaction.interceptor.TransactionAspectSupport.invokeWithinTransaction(TransactionAspectSupport.java:388) [spring-tx-5.3.8.jar:5.3.8]
	at org.springframework.transaction.interceptor.TransactionInterceptor.invoke(TransactionInterceptor.java:119) [spring-tx-5.3.8.jar:5.3.8]
	at org.springframework.aop.framework.ReflectiveMethodInvocation.proceed(ReflectiveMethodInvocation.java:186) [spring-aop-5.3.8.jar:5.3.8]
	at org.springframework.aop.framework.CglibAopProxy$CglibMethodInvocation.proceed(CglibAopProxy.java:750) [spring-aop-5.3.8.jar:5.3.8]
	at org.springframework.aop.framework.CglibAopProxy$DynamicAdvisedInterceptor.intercept(CglibAopProxy.java:692) [spring-aop-5.3.8.jar:5.3.8]
	at com.jadm.service.BbookService$$EnhancerBySpringCGLIB$$71451915.EnvioOc(<generated>) [classes/:na]
	at com.jadm.scheduler.ScheduledTasks.scheduledBbook(ScheduledTasks.java:51) [classes/:na]
	at sun.reflect.NativeMethodAccessorImpl.invoke0(Native Method) ~[na:1.8.0_362]
	at sun.reflect.NativeMethodAccessorImpl.invoke(NativeMethodAccessorImpl.java:62) ~[na:1.8.0_362]
	at sun.reflect.DelegatingMethodAccessorImpl.invoke(DelegatingMethodAccessorImpl.java:43) ~[na:1.8.0_362]
	at java.lang.reflect.Method.invoke(Method.java:498) ~[na:1.8.0_362]
	at org.springframework.scheduling.support.ScheduledMethodRunnable.run(ScheduledMethodRunnable.java:84) [spring-context-5.3.8.jar:5.3.8]
	at org.springframework.scheduling.support.DelegatingErrorHandlingRunnable.run(DelegatingErrorHandlingRunnable.java:54) [spring-context-5.3.8.jar:5.3.8]
	at org.springframework.scheduling.concurrent.ReschedulingRunnable.run(ReschedulingRunnable.java:95) [spring-context-5.3.8.jar:5.3.8]
	at java.util.concurrent.Executors$RunnableAdapter.call(Executors.java:511) [na:1.8.0_362]
	at java.util.concurrent.FutureTask.run$$$capture(FutureTask.java:266) [na:1.8.0_362]
	at java.util.concurrent.FutureTask.run(FutureTask.java) [na:1.8.0_362]
	at java.util.concurrent.ScheduledThreadPoolExecutor$ScheduledFutureTask.access$201(ScheduledThreadPoolExecutor.java:180) [na:1.8.0_362]
	at java.util.concurrent.ScheduledThreadPoolExecutor$ScheduledFutureTask.run(ScheduledThreadPoolExecutor.java:293) [na:1.8.0_362]
	at java.util.concurrent.ThreadPoolExecutor.runWorker(ThreadPoolExecutor.java:1149) [na:1.8.0_362]
	at java.util.concurrent.ThreadPoolExecutor$Worker.run(ThreadPoolExecutor.java:624) [na:1.8.0_362]
	at java.lang.Thread.run(Thread.java:750) [na:1.8.0_362]

2023-05-30 10:06:24.865 ERROR 59888 --- [scheduling-1] com.jadm.service.BbookService            : Error al cargar json

org.springframework.beans.factory.BeanCreationNotAllowedException: Error creating bean with name 'dataSourceScriptDatabaseInitializer': Singleton bean creation not allowed while singletons of this factory are in destruction (Do not request a bean from a BeanFactory in a destroy method implementation!)
	at org.springframework.beans.factory.support.DefaultSingletonBeanRegistry.getSingleton(DefaultSingletonBeanRegistry.java:220) ~[spring-beans-5.3.8.jar:5.3.8]
	at org.springframework.beans.factory.support.AbstractBeanFactory.doGetBean(AbstractBeanFactory.java:333) ~[spring-beans-5.3.8.jar:5.3.8]
	at org.springframework.beans.factory.support.AbstractBeanFactory.getBean(AbstractBeanFactory.java:208) ~[spring-beans-5.3.8.jar:5.3.8]
	at org.springframework.beans.factory.support.AbstractBeanFactory.doGetBean(AbstractBeanFactory.java:322) ~[spring-beans-5.3.8.jar:5.3.8]
	at org.springframework.beans.factory.support.AbstractBeanFactory.getBean(AbstractBeanFactory.java:208) ~[spring-beans-5.3.8.jar:5.3.8]
	at org.springframework.beans.factory.support.DefaultListableBeanFactory$1.orderedStream(DefaultListableBeanFactory.java:481) ~[spring-beans-5.3.8.jar:5.3.8]
	at org.springframework.dao.support.PersistenceExceptionTranslationInterceptor.detectPersistenceExceptionTranslators(PersistenceExceptionTranslationInterceptor.java:167) ~[spring-tx-5.3.8.jar:5.3.8]
	at org.springframework.dao.support.PersistenceExceptionTranslationInterceptor.invoke(PersistenceExceptionTranslationInterceptor.java:149) ~[spring-tx-5.3.8.jar:5.3.8]
	at org.springframework.aop.framework.ReflectiveMethodInvocation.proceed(ReflectiveMethodInvocation.java:186) [spring-aop-5.3.8.jar:5.3.8]
	at org.springframework.data.jpa.repository.support.CrudMethodMetadataPostProcessor$CrudMethodMetadataPopulatingMethodInterceptor.invoke(CrudMethodMetadataPostProcessor.java:145) ~[spring-data-jpa-2.5.2.jar:2.5.2]
	at org.springframework.aop.framework.ReflectiveMethodInvocation.proceed(ReflectiveMethodInvocation.java:186) [spring-aop-5.3.8.jar:5.3.8]
	at org.springframework.aop.interceptor.ExposeInvocationInterceptor.invoke(ExposeInvocationInterceptor.java:97) ~[spring-aop-5.3.8.jar:5.3.8]
	at org.springframework.aop.framework.ReflectiveMethodInvocation.proceed(ReflectiveMethodInvocation.java:186) [spring-aop-5.3.8.jar:5.3.8]
	at org.springframework.aop.framework.JdkDynamicAopProxy.invoke(JdkDynamicAopProxy.java:215) ~[spring-aop-5.3.8.jar:5.3.8]
	at com.sun.proxy.$Proxy89.updSdipmghde(Unknown Source) ~[na:na]
	at com.jadm.service.BbookService.EnvioOc(BbookService.java:102) ~[classes/:na]
	at com.jadm.service.BbookService$$FastClassBySpringCGLIB$$7adc27a4.invoke(<generated>) [classes/:na]
	at org.springframework.cglib.proxy.MethodProxy.invoke(MethodProxy.java:218) [spring-core-5.3.8.jar:5.3.8]
	at org.springframework.aop.framework.CglibAopProxy$CglibMethodInvocation.invokeJoinpoint(CglibAopProxy.java:779) [spring-aop-5.3.8.jar:5.3.8]
	at org.springframework.aop.framework.ReflectiveMethodInvocation.proceed(ReflectiveMethodInvocation.java:163) [spring-aop-5.3.8.jar:5.3.8]
	at org.springframework.aop.framework.CglibAopProxy$CglibMethodInvocation.proceed(CglibAopProxy.java:750) [spring-aop-5.3.8.jar:5.3.8]
	at org.springframework.transaction.interceptor.TransactionInterceptor$1.proceedWithInvocation(TransactionInterceptor.java:123) [spring-tx-5.3.8.jar:5.3.8]
	at org.springframework.transaction.interceptor.TransactionAspectSupport.invokeWithinTransaction(TransactionAspectSupport.java:388) [spring-tx-5.3.8.jar:5.3.8]
	at org.springframework.transaction.interceptor.TransactionInterceptor.invoke(TransactionInterceptor.java:119) [spring-tx-5.3.8.jar:5.3.8]
	at org.springframework.aop.framework.ReflectiveMethodInvocation.proceed(ReflectiveMethodInvocation.java:186) [spring-aop-5.3.8.jar:5.3.8]
	at org.springframework.aop.framework.CglibAopProxy$CglibMethodInvocation.proceed(CglibAopProxy.java:750) [spring-aop-5.3.8.jar:5.3.8]
	at org.springframework.aop.framework.CglibAopProxy$DynamicAdvisedInterceptor.intercept(CglibAopProxy.java:692) [spring-aop-5.3.8.jar:5.3.8]
	at com.jadm.service.BbookService$$EnhancerBySpringCGLIB$$71451915.EnvioOc(<generated>) [classes/:na]
	at com.jadm.scheduler.ScheduledTasks.scheduledBbook(ScheduledTasks.java:51) [classes/:na]
	at sun.reflect.NativeMethodAccessorImpl.invoke0(Native Method) ~[na:1.8.0_362]
	at sun.reflect.NativeMethodAccessorImpl.invoke(NativeMethodAccessorImpl.java:62) ~[na:1.8.0_362]
	at sun.reflect.DelegatingMethodAccessorImpl.invoke(DelegatingMethodAccessorImpl.java:43) ~[na:1.8.0_362]
	at java.lang.reflect.Method.invoke(Method.java:498) ~[na:1.8.0_362]
	at org.springframework.scheduling.support.ScheduledMethodRunnable.run(ScheduledMethodRunnable.java:84) [spring-context-5.3.8.jar:5.3.8]
	at org.springframework.scheduling.support.DelegatingErrorHandlingRunnable.run(DelegatingErrorHandlingRunnable.java:54) [spring-context-5.3.8.jar:5.3.8]
	at org.springframework.scheduling.concurrent.ReschedulingRunnable.run(ReschedulingRunnable.java:95) [spring-context-5.3.8.jar:5.3.8]
	at java.util.concurrent.Executors$RunnableAdapter.call(Executors.java:511) [na:1.8.0_362]
	at java.util.concurrent.FutureTask.run$$$capture(FutureTask.java:266) [na:1.8.0_362]
	at java.util.concurrent.FutureTask.run(FutureTask.java) [na:1.8.0_362]
	at java.util.concurrent.ScheduledThreadPoolExecutor$ScheduledFutureTask.access$201(ScheduledThreadPoolExecutor.java:180) [na:1.8.0_362]
	at java.util.concurrent.ScheduledThreadPoolExecutor$ScheduledFutureTask.run(ScheduledThreadPoolExecutor.java:293) [na:1.8.0_362]
	at java.util.concurrent.ThreadPoolExecutor.runWorker(ThreadPoolExecutor.java:1149) [na:1.8.0_362]
	at java.util.concurrent.ThreadPoolExecutor$Worker.run(ThreadPoolExecutor.java:624) [na:1.8.0_362]
	at java.lang.Thread.run(Thread.java:750) [na:1.8.0_362]

2023-05-30 10:06:24.866  WARN 59888 --- [scheduling-1] com.zaxxer.hikari.pool.ProxyConnection   : HikariPool-1 - Connection oracle.jdbc.driver.T4CConnection@57272109 marked as broken because of SQLSTATE(08003), ErrorCode(17008)

java.sql.SQLRecoverableException: Conexin cerrada
	at oracle.jdbc.driver.PhysicalConnection.getAutoCommit(PhysicalConnection.java:2089) ~[ojdbc8-19.3.0.0.jar:19.3.0.0.0]
	at oracle.jdbc.driver.PhysicalConnection.rollback(PhysicalConnection.java:2218) ~[ojdbc8-19.3.0.0.jar:19.3.0.0.0]
	at com.zaxxer.hikari.pool.ProxyConnection.rollback(ProxyConnection.java:396) ~[HikariCP-4.0.3.jar:na]
	at com.zaxxer.hikari.pool.HikariProxyConnection.rollback(HikariProxyConnection.java) [HikariCP-4.0.3.jar:na]
	at org.hibernate.resource.jdbc.internal.AbstractLogicalConnectionImplementor.rollback(AbstractLogicalConnectionImplementor.java:121) [hibernate-core-5.4.32.Final.jar:5.4.32.Final]
	at org.hibernate.resource.transaction.backend.jdbc.internal.JdbcResourceLocalTransactionCoordinatorImpl$TransactionDriverControlImpl.rollback(JdbcResourceLocalTransactionCoordinatorImpl.java:304) [hibernate-core-5.4.32.Final.jar:5.4.32.Final]
	at org.hibernate.resource.transaction.backend.jdbc.internal.JdbcResourceLocalTransactionCoordinatorImpl$TransactionDriverControlImpl.commit(JdbcResourceLocalTransactionCoordinatorImpl.java:263) [hibernate-core-5.4.32.Final.jar:5.4.32.Final]
	at org.hibernate.engine.transaction.internal.TransactionImpl.commit(TransactionImpl.java:101) [hibernate-core-5.4.32.Final.jar:5.4.32.Final]
	at org.springframework.orm.jpa.JpaTransactionManager.doCommit(JpaTransactionManager.java:562) [spring-orm-5.3.8.jar:5.3.8]
	at org.springframework.transaction.support.AbstractPlatformTransactionManager.processCommit(AbstractPlatformTransactionManager.java:743) [spring-tx-5.3.8.jar:5.3.8]
	at org.springframework.transaction.support.AbstractPlatformTransactionManager.commit(AbstractPlatformTransactionManager.java:711) [spring-tx-5.3.8.jar:5.3.8]
	at org.springframework.transaction.interceptor.TransactionAspectSupport.commitTransactionAfterReturning(TransactionAspectSupport.java:654) [spring-tx-5.3.8.jar:5.3.8]
	at org.springframework.transaction.interceptor.TransactionAspectSupport.invokeWithinTransaction(TransactionAspectSupport.java:407) [spring-tx-5.3.8.jar:5.3.8]
	at org.springframework.transaction.interceptor.TransactionInterceptor.invoke(TransactionInterceptor.java:119) [spring-tx-5.3.8.jar:5.3.8]
	at org.springframework.aop.framework.ReflectiveMethodInvocation.proceed(ReflectiveMethodInvocation.java:186) [spring-aop-5.3.8.jar:5.3.8]
	at org.springframework.aop.framework.CglibAopProxy$CglibMethodInvocation.proceed(CglibAopProxy.java:750) [spring-aop-5.3.8.jar:5.3.8]
	at org.springframework.aop.framework.CglibAopProxy$DynamicAdvisedInterceptor.intercept(CglibAopProxy.java:692) [spring-aop-5.3.8.jar:5.3.8]
	at com.jadm.service.BbookService$$EnhancerBySpringCGLIB$$71451915.EnvioOc(<generated>) [classes/:na]
	at com.jadm.scheduler.ScheduledTasks.scheduledBbook(ScheduledTasks.java:51) [classes/:na]
	at sun.reflect.NativeMethodAccessorImpl.invoke0(Native Method) ~[na:1.8.0_362]
	at sun.reflect.NativeMethodAccessorImpl.invoke(NativeMethodAccessorImpl.java:62) ~[na:1.8.0_362]
	at sun.reflect.DelegatingMethodAccessorImpl.invoke(DelegatingMethodAccessorImpl.java:43) ~[na:1.8.0_362]
	at java.lang.reflect.Method.invoke(Method.java:498) ~[na:1.8.0_362]
	at org.springframework.scheduling.support.ScheduledMethodRunnable.run(ScheduledMethodRunnable.java:84) [spring-context-5.3.8.jar:5.3.8]
	at org.springframework.scheduling.support.DelegatingErrorHandlingRunnable.run(DelegatingErrorHandlingRunnable.java:54) [spring-context-5.3.8.jar:5.3.8]
	at org.springframework.scheduling.concurrent.ReschedulingRunnable.run(ReschedulingRunnable.java:95) [spring-context-5.3.8.jar:5.3.8]
	at java.util.concurrent.Executors$RunnableAdapter.call(Executors.java:511) [na:1.8.0_362]
	at java.util.concurrent.FutureTask.run$$$capture(FutureTask.java:266) [na:1.8.0_362]
	at java.util.concurrent.FutureTask.run(FutureTask.java) [na:1.8.0_362]
	at java.util.concurrent.ScheduledThreadPoolExecutor$ScheduledFutureTask.access$201(ScheduledThreadPoolExecutor.java:180) [na:1.8.0_362]
	at java.util.concurrent.ScheduledThreadPoolExecutor$ScheduledFutureTask.run(ScheduledThreadPoolExecutor.java:293) [na:1.8.0_362]
	at java.util.concurrent.ThreadPoolExecutor.runWorker(ThreadPoolExecutor.java:1149) [na:1.8.0_362]
	at java.util.concurrent.ThreadPoolExecutor$Worker.run(ThreadPoolExecutor.java:624) [na:1.8.0_362]
	at java.lang.Thread.run(Thread.java:750) [na:1.8.0_362]

2023-05-30 10:06:24.871 ERROR 59888 --- [scheduling-1] o.s.s.s.TaskUtils$LoggingErrorHandler    : Unexpected error occurred in scheduled task

org.springframework.orm.jpa.JpaSystemException: Unable to rollback against JDBC Connection; nested exception is org.hibernate.TransactionException: Unable to rollback against JDBC Connection
	at org.springframework.orm.jpa.vendor.HibernateJpaDialect.convertHibernateAccessException(HibernateJpaDialect.java:331) ~[spring-orm-5.3.8.jar:5.3.8]
	at org.springframework.orm.jpa.vendor.HibernateJpaDialect.translateExceptionIfPossible(HibernateJpaDialect.java:233) ~[spring-orm-5.3.8.jar:5.3.8]
	at org.springframework.orm.jpa.JpaTransactionManager.doCommit(JpaTransactionManager.java:566) ~[spring-orm-5.3.8.jar:5.3.8]
	at org.springframework.transaction.support.AbstractPlatformTransactionManager.processCommit(AbstractPlatformTransactionManager.java:743) ~[spring-tx-5.3.8.jar:5.3.8]
	at org.springframework.transaction.support.AbstractPlatformTransactionManager.commit(AbstractPlatformTransactionManager.java:711) ~[spring-tx-5.3.8.jar:5.3.8]
	at org.springframework.transaction.interceptor.TransactionAspectSupport.commitTransactionAfterReturning(TransactionAspectSupport.java:654) ~[spring-tx-5.3.8.jar:5.3.8]
	at org.springframework.transaction.interceptor.TransactionAspectSupport.invokeWithinTransaction(TransactionAspectSupport.java:407) ~[spring-tx-5.3.8.jar:5.3.8]
	at org.springframework.transaction.interceptor.TransactionInterceptor.invoke(TransactionInterceptor.java:119) ~[spring-tx-5.3.8.jar:5.3.8]
	at org.springframework.aop.framework.ReflectiveMethodInvocation.proceed(ReflectiveMethodInvocation.java:186) ~[spring-aop-5.3.8.jar:5.3.8]
	at org.springframework.aop.framework.CglibAopProxy$CglibMethodInvocation.proceed(CglibAopProxy.java:750) ~[spring-aop-5.3.8.jar:5.3.8]
	at org.springframework.aop.framework.CglibAopProxy$DynamicAdvisedInterceptor.intercept(CglibAopProxy.java:692) ~[spring-aop-5.3.8.jar:5.3.8]
	at com.jadm.service.BbookService$$EnhancerBySpringCGLIB$$71451915.EnvioOc(<generated>) ~[classes/:na]
	at com.jadm.scheduler.ScheduledTasks.scheduledBbook(ScheduledTasks.java:51) ~[classes/:na]
	at sun.reflect.NativeMethodAccessorImpl.invoke0(Native Method) ~[na:1.8.0_362]
	at sun.reflect.NativeMethodAccessorImpl.invoke(NativeMethodAccessorImpl.java:62) ~[na:1.8.0_362]
	at sun.reflect.DelegatingMethodAccessorImpl.invoke(DelegatingMethodAccessorImpl.java:43) ~[na:1.8.0_362]
	at java.lang.reflect.Method.invoke(Method.java:498) ~[na:1.8.0_362]
	at org.springframework.scheduling.support.ScheduledMethodRunnable.run(ScheduledMethodRunnable.java:84) ~[spring-context-5.3.8.jar:5.3.8]
	at org.springframework.scheduling.support.DelegatingErrorHandlingRunnable.run(DelegatingErrorHandlingRunnable.java:54) ~[spring-context-5.3.8.jar:5.3.8]
	at org.springframework.scheduling.concurrent.ReschedulingRunnable.run(ReschedulingRunnable.java:95) [spring-context-5.3.8.jar:5.3.8]
	at java.util.concurrent.Executors$RunnableAdapter.call(Executors.java:511) [na:1.8.0_362]
	at java.util.concurrent.FutureTask.run$$$capture(FutureTask.java:266) [na:1.8.0_362]
	at java.util.concurrent.FutureTask.run(FutureTask.java) [na:1.8.0_362]
	at java.util.concurrent.ScheduledThreadPoolExecutor$ScheduledFutureTask.access$201(ScheduledThreadPoolExecutor.java:180) [na:1.8.0_362]
	at java.util.concurrent.ScheduledThreadPoolExecutor$ScheduledFutureTask.run(ScheduledThreadPoolExecutor.java:293) [na:1.8.0_362]
	at java.util.concurrent.ThreadPoolExecutor.runWorker(ThreadPoolExecutor.java:1149) [na:1.8.0_362]
	at java.util.concurrent.ThreadPoolExecutor$Worker.run(ThreadPoolExecutor.java:624) [na:1.8.0_362]
	at java.lang.Thread.run(Thread.java:750) [na:1.8.0_362]
Caused by: org.hibernate.TransactionException: Unable to rollback against JDBC Connection
	at org.hibernate.resource.jdbc.internal.AbstractLogicalConnectionImplementor.rollback(AbstractLogicalConnectionImplementor.java:127) ~[hibernate-core-5.4.32.Final.jar:5.4.32.Final]
	at org.hibernate.resource.transaction.backend.jdbc.internal.JdbcResourceLocalTransactionCoordinatorImpl$TransactionDriverControlImpl.rollback(JdbcResourceLocalTransactionCoordinatorImpl.java:304) ~[hibernate-core-5.4.32.Final.jar:5.4.32.Final]
	at org.hibernate.resource.transaction.backend.jdbc.internal.JdbcResourceLocalTransactionCoordinatorImpl$TransactionDriverControlImpl.commit(JdbcResourceLocalTransactionCoordinatorImpl.java:263) ~[hibernate-core-5.4.32.Final.jar:5.4.32.Final]
	at org.hibernate.engine.transaction.internal.TransactionImpl.commit(TransactionImpl.java:101) ~[hibernate-core-5.4.32.Final.jar:5.4.32.Final]
	at org.springframework.orm.jpa.JpaTransactionManager.doCommit(JpaTransactionManager.java:562) ~[spring-orm-5.3.8.jar:5.3.8]
	... 25 common frames omitted
Caused by: java.sql.SQLRecoverableException: Conexin cerrada
	at oracle.jdbc.driver.PhysicalConnection.getAutoCommit(PhysicalConnection.java:2089) ~[ojdbc8-19.3.0.0.jar:19.3.0.0.0]
	at oracle.jdbc.driver.PhysicalConnection.rollback(PhysicalConnection.java:2218) ~[ojdbc8-19.3.0.0.jar:19.3.0.0.0]
	at com.zaxxer.hikari.pool.ProxyConnection.rollback(ProxyConnection.java:396) ~[HikariCP-4.0.3.jar:na]
	at com.zaxxer.hikari.pool.HikariProxyConnection.rollback(HikariProxyConnection.java) ~[HikariCP-4.0.3.jar:na]
	at org.hibernate.resource.jdbc.internal.AbstractLogicalConnectionImplementor.rollback(AbstractLogicalConnectionImplementor.java:121) ~[hibernate-core-5.4.32.Final.jar:5.4.32.Final]
	... 29 common frames omitted

2023-05-30 10:06:25.584  INFO 59888 --- [SpringApplicationShutdownHook] com.zaxxer.hikari.HikariDataSource       : HikariPool-1 - Shutdown completed.
